2025-01-26 16:42:55,921 - /Users/joyy/Desktop/ResTool/bit_api.py:14 - INFO: 打开browser:{'success': True, 'data': {'ws': 'ws://127.0.0.1:54316/devtools/browser/c3df5f41-b0f4-4cf3-ba39-ace01b4a7d02', 'http': '127.0.0.1:54316', 'coreVersion': '112', 'driver': '/Users/joyy/Library/Application Support/BitBrowser/chromedriver/112-arm/chromedriver', 'seq': 1281, 'name': 'tiktok测试2', 'remark': 'eden_cc0088', 'groupId': '2c9bc058900bfc07019010afee9464f2', 'pid': 22370}}
2025-01-26 16:42:55,922 - /Users/joyy/Desktop/ResTool/tiktok-tools/chrome_utils.py:43 - INFO: /Users/joyy/Library/Application Support/BitBrowser/chromedriver/112-arm/chromedriver
2025-01-26 16:42:55,922 - /Users/joyy/Desktop/ResTool/tiktok-tools/chrome_utils.py:44 - INFO: 127.0.0.1:54316
2025-01-26 16:43:01,609 - /Users/joyy/Desktop/ResTool/tiktok-tools/start.py:45 - INFO: 进入视频发布页面
2025-01-26 16:43:01,609 - /Users/joyy/Desktop/ResTool/tiktok-tools/driver_utils.py:28 - INFO: 打开:https://www.tiktok.com/tiktokstudio/upload?from=upload
2025-01-26 16:43:03,401 - /Users/joyy/Desktop/ResTool/tiktok-tools/driver_utils.py:30 - INFO: 打开成功:https://www.tiktok.com/tiktokstudio/upload?from=upload,TikTok Studio
2025-01-26 16:43:14,451 - /Users/joyy/Desktop/ResTool/tiktok-tools/tiktok_publish_video.py:57 - INFO: 开始上传视频：/Users/joyy/Desktop/testlib/xxxxx2/output/result_1.mp4
2025-01-26 16:43:17,474 - /Users/joyy/Desktop/ResTool/tiktok-tools/tiktok_publish_video.py:63 - INFO: 等待上传视频：/Users/joyy/Desktop/testlib/xxxxx2/output/result_1.mp4
2025-01-26 16:43:18,492 - /Users/joyy/Desktop/ResTool/tiktok-tools/tiktok_publish_video.py:63 - INFO: 等待上传视频：/Users/joyy/Desktop/testlib/xxxxx2/output/result_1.mp4
2025-01-26 16:43:19,512 - /Users/joyy/Desktop/ResTool/tiktok-tools/tiktok_publish_video.py:63 - INFO: 等待上传视频：/Users/joyy/Desktop/testlib/xxxxx2/output/result_1.mp4
2025-01-26 16:43:20,526 - /Users/joyy/Desktop/ResTool/tiktok-tools/tiktok_publish_video.py:63 - INFO: 等待上传视频：/Users/joyy/Desktop/testlib/xxxxx2/output/result_1.mp4
2025-01-26 16:43:21,546 - /Users/joyy/Desktop/ResTool/tiktok-tools/tiktok_publish_video.py:63 - INFO: 等待上传视频：/Users/joyy/Desktop/testlib/xxxxx2/output/result_1.mp4
2025-01-26 16:43:22,563 - /Users/joyy/Desktop/ResTool/tiktok-tools/tiktok_publish_video.py:63 - INFO: 等待上传视频：/Users/joyy/Desktop/testlib/xxxxx2/output/result_1.mp4
2025-01-26 16:43:23,583 - /Users/joyy/Desktop/ResTool/tiktok-tools/tiktok_publish_video.py:63 - INFO: 等待上传视频：/Users/joyy/Desktop/testlib/xxxxx2/output/result_1.mp4
2025-01-26 16:43:24,601 - /Users/joyy/Desktop/ResTool/tiktok-tools/tiktok_publish_video.py:63 - INFO: 等待上传视频：/Users/joyy/Desktop/testlib/xxxxx2/output/result_1.mp4
2025-01-26 16:43:25,615 - /Users/joyy/Desktop/ResTool/tiktok-tools/tiktok_publish_video.py:63 - INFO: 等待上传视频：/Users/joyy/Desktop/testlib/xxxxx2/output/result_1.mp4
2025-01-26 16:43:26,634 - /Users/joyy/Desktop/ResTool/tiktok-tools/tiktok_publish_video.py:63 - INFO: 等待上传视频：/Users/joyy/Desktop/testlib/xxxxx2/output/result_1.mp4
2025-01-26 16:43:27,654 - /Users/joyy/Desktop/ResTool/tiktok-tools/tiktok_publish_video.py:63 - INFO: 等待上传视频：/Users/joyy/Desktop/testlib/xxxxx2/output/result_1.mp4
2025-01-26 16:43:28,675 - /Users/joyy/Desktop/ResTool/tiktok-tools/tiktok_publish_video.py:63 - INFO: 等待上传视频：/Users/joyy/Desktop/testlib/xxxxx2/output/result_1.mp4
2025-01-26 16:43:29,699 - /Users/joyy/Desktop/ResTool/tiktok-tools/tiktok_publish_video.py:63 - INFO: 等待上传视频：/Users/joyy/Desktop/testlib/xxxxx2/output/result_1.mp4
2025-01-26 16:43:30,711 - /Users/joyy/Desktop/ResTool/tiktok-tools/tiktok_publish_video.py:63 - INFO: 等待上传视频：/Users/joyy/Desktop/testlib/xxxxx2/output/result_1.mp4
2025-01-26 16:43:31,729 - /Users/joyy/Desktop/ResTool/tiktok-tools/tiktok_publish_video.py:63 - INFO: 等待上传视频：/Users/joyy/Desktop/testlib/xxxxx2/output/result_1.mp4
2025-01-26 16:43:32,743 - /Users/joyy/Desktop/ResTool/tiktok-tools/tiktok_publish_video.py:63 - INFO: 等待上传视频：/Users/joyy/Desktop/testlib/xxxxx2/output/result_1.mp4
2025-01-26 16:43:33,765 - /Users/joyy/Desktop/ResTool/tiktok-tools/tiktok_publish_video.py:63 - INFO: 等待上传视频：/Users/joyy/Desktop/testlib/xxxxx2/output/result_1.mp4
2025-01-26 16:43:34,785 - /Users/joyy/Desktop/ResTool/tiktok-tools/tiktok_publish_video.py:63 - INFO: 等待上传视频：/Users/joyy/Desktop/testlib/xxxxx2/output/result_1.mp4
2025-01-26 16:43:35,824 - /Users/joyy/Desktop/ResTool/tiktok-tools/tiktok_publish_video.py:63 - INFO: 等待上传视频：/Users/joyy/Desktop/testlib/xxxxx2/output/result_1.mp4
2025-01-26 16:43:36,850 - /Users/joyy/Desktop/ResTool/tiktok-tools/tiktok_publish_video.py:63 - INFO: 等待上传视频：/Users/joyy/Desktop/testlib/xxxxx2/output/result_1.mp4
2025-01-26 16:43:37,872 - /Users/joyy/Desktop/ResTool/tiktok-tools/tiktok_publish_video.py:63 - INFO: 等待上传视频：/Users/joyy/Desktop/testlib/xxxxx2/output/result_1.mp4
2025-01-26 16:43:38,887 - /Users/joyy/Desktop/ResTool/tiktok-tools/tiktok_publish_video.py:63 - INFO: 等待上传视频：/Users/joyy/Desktop/testlib/xxxxx2/output/result_1.mp4
2025-01-26 16:43:39,901 - /Users/joyy/Desktop/ResTool/tiktok-tools/tiktok_publish_video.py:63 - INFO: 等待上传视频：/Users/joyy/Desktop/testlib/xxxxx2/output/result_1.mp4
2025-01-26 16:43:40,910 - /Users/joyy/Desktop/ResTool/tiktok-tools/tiktok_publish_video.py:63 - INFO: 等待上传视频：/Users/joyy/Desktop/testlib/xxxxx2/output/result_1.mp4
2025-01-26 16:43:41,928 - /Users/joyy/Desktop/ResTool/tiktok-tools/tiktok_publish_video.py:63 - INFO: 等待上传视频：/Users/joyy/Desktop/testlib/xxxxx2/output/result_1.mp4
2025-01-26 16:43:42,951 - /Users/joyy/Desktop/ResTool/tiktok-tools/tiktok_publish_video.py:63 - INFO: 等待上传视频：/Users/joyy/Desktop/testlib/xxxxx2/output/result_1.mp4
2025-01-26 16:43:43,973 - /Users/joyy/Desktop/ResTool/tiktok-tools/tiktok_publish_video.py:63 - INFO: 等待上传视频：/Users/joyy/Desktop/testlib/xxxxx2/output/result_1.mp4
2025-01-26 16:43:44,989 - /Users/joyy/Desktop/ResTool/tiktok-tools/tiktok_publish_video.py:63 - INFO: 等待上传视频：/Users/joyy/Desktop/testlib/xxxxx2/output/result_1.mp4
2025-01-26 16:43:46,003 - /Users/joyy/Desktop/ResTool/tiktok-tools/tiktok_publish_video.py:63 - INFO: 等待上传视频：/Users/joyy/Desktop/testlib/xxxxx2/output/result_1.mp4
2025-01-26 16:43:47,022 - /Users/joyy/Desktop/ResTool/tiktok-tools/tiktok_publish_video.py:63 - INFO: 等待上传视频：/Users/joyy/Desktop/testlib/xxxxx2/output/result_1.mp4
2025-01-26 16:43:48,042 - /Users/joyy/Desktop/ResTool/tiktok-tools/tiktok_publish_video.py:63 - INFO: 等待上传视频：/Users/joyy/Desktop/testlib/xxxxx2/output/result_1.mp4
2025-01-26 16:43:49,065 - /Users/joyy/Desktop/ResTool/tiktok-tools/tiktok_publish_video.py:63 - INFO: 等待上传视频：/Users/joyy/Desktop/testlib/xxxxx2/output/result_1.mp4
2025-01-26 16:43:50,091 - /Users/joyy/Desktop/ResTool/tiktok-tools/tiktok_publish_video.py:63 - INFO: 等待上传视频：/Users/joyy/Desktop/testlib/xxxxx2/output/result_1.mp4
2025-01-26 16:43:51,114 - /Users/joyy/Desktop/ResTool/tiktok-tools/tiktok_publish_video.py:63 - INFO: 等待上传视频：/Users/joyy/Desktop/testlib/xxxxx2/output/result_1.mp4
2025-01-26 16:43:52,135 - /Users/joyy/Desktop/ResTool/tiktok-tools/tiktok_publish_video.py:63 - INFO: 等待上传视频：/Users/joyy/Desktop/testlib/xxxxx2/output/result_1.mp4
2025-01-26 16:43:53,157 - /Users/joyy/Desktop/ResTool/tiktok-tools/tiktok_publish_video.py:63 - INFO: 等待上传视频：/Users/joyy/Desktop/testlib/xxxxx2/output/result_1.mp4
2025-01-26 16:43:54,176 - /Users/joyy/Desktop/ResTool/tiktok-tools/tiktok_publish_video.py:63 - INFO: 等待上传视频：/Users/joyy/Desktop/testlib/xxxxx2/output/result_1.mp4
2025-01-26 16:43:55,199 - /Users/joyy/Desktop/ResTool/tiktok-tools/tiktok_publish_video.py:63 - INFO: 等待上传视频：/Users/joyy/Desktop/testlib/xxxxx2/output/result_1.mp4
2025-01-26 16:43:56,219 - /Users/joyy/Desktop/ResTool/tiktok-tools/tiktok_publish_video.py:63 - INFO: 等待上传视频：/Users/joyy/Desktop/testlib/xxxxx2/output/result_1.mp4
2025-01-26 16:43:57,242 - /Users/joyy/Desktop/ResTool/tiktok-tools/tiktok_publish_video.py:63 - INFO: 等待上传视频：/Users/joyy/Desktop/testlib/xxxxx2/output/result_1.mp4
2025-01-26 16:43:58,256 - /Users/joyy/Desktop/ResTool/tiktok-tools/tiktok_publish_video.py:63 - INFO: 等待上传视频：/Users/joyy/Desktop/testlib/xxxxx2/output/result_1.mp4
2025-01-26 16:43:59,277 - /Users/joyy/Desktop/ResTool/tiktok-tools/tiktok_publish_video.py:63 - INFO: 等待上传视频：/Users/joyy/Desktop/testlib/xxxxx2/output/result_1.mp4
2025-01-26 16:44:00,286 - /Users/joyy/Desktop/ResTool/tiktok-tools/tiktok_publish_video.py:63 - INFO: 等待上传视频：/Users/joyy/Desktop/testlib/xxxxx2/output/result_1.mp4
2025-01-26 16:44:01,308 - /Users/joyy/Desktop/ResTool/tiktok-tools/tiktok_publish_video.py:63 - INFO: 等待上传视频：/Users/joyy/Desktop/testlib/xxxxx2/output/result_1.mp4
2025-01-26 16:44:02,325 - /Users/joyy/Desktop/ResTool/tiktok-tools/tiktok_publish_video.py:63 - INFO: 等待上传视频：/Users/joyy/Desktop/testlib/xxxxx2/output/result_1.mp4
2025-01-26 16:44:03,348 - /Users/joyy/Desktop/ResTool/tiktok-tools/tiktok_publish_video.py:63 - INFO: 等待上传视频：/Users/joyy/Desktop/testlib/xxxxx2/output/result_1.mp4
2025-01-26 16:44:04,826 - /Users/joyy/Desktop/ResTool/tiktok-tools/tiktok_publish_video.py:63 - INFO: 等待上传视频：/Users/joyy/Desktop/testlib/xxxxx2/output/result_1.mp4
2025-01-26 16:44:05,858 - /Users/joyy/Desktop/ResTool/tiktok-tools/tiktok_publish_video.py:63 - INFO: 等待上传视频：/Users/joyy/Desktop/testlib/xxxxx2/output/result_1.mp4
2025-01-26 16:44:06,871 - /Users/joyy/Desktop/ResTool/tiktok-tools/tiktok_publish_video.py:63 - INFO: 等待上传视频：/Users/joyy/Desktop/testlib/xxxxx2/output/result_1.mp4
2025-01-26 16:44:07,884 - /Users/joyy/Desktop/ResTool/tiktok-tools/tiktok_publish_video.py:63 - INFO: 等待上传视频：/Users/joyy/Desktop/testlib/xxxxx2/output/result_1.mp4
2025-01-26 16:44:08,900 - /Users/joyy/Desktop/ResTool/tiktok-tools/tiktok_publish_video.py:63 - INFO: 等待上传视频：/Users/joyy/Desktop/testlib/xxxxx2/output/result_1.mp4
2025-01-26 16:44:09,920 - /Users/joyy/Desktop/ResTool/tiktok-tools/tiktok_publish_video.py:63 - INFO: 等待上传视频：/Users/joyy/Desktop/testlib/xxxxx2/output/result_1.mp4
2025-01-26 16:44:10,934 - /Users/joyy/Desktop/ResTool/tiktok-tools/tiktok_publish_video.py:63 - INFO: 等待上传视频：/Users/joyy/Desktop/testlib/xxxxx2/output/result_1.mp4
2025-01-26 16:44:11,956 - /Users/joyy/Desktop/ResTool/tiktok-tools/tiktok_publish_video.py:63 - INFO: 等待上传视频：/Users/joyy/Desktop/testlib/xxxxx2/output/result_1.mp4
2025-01-26 16:44:12,978 - /Users/joyy/Desktop/ResTool/tiktok-tools/tiktok_publish_video.py:63 - INFO: 等待上传视频：/Users/joyy/Desktop/testlib/xxxxx2/output/result_1.mp4
2025-01-26 16:44:13,998 - /Users/joyy/Desktop/ResTool/tiktok-tools/tiktok_publish_video.py:63 - INFO: 等待上传视频：/Users/joyy/Desktop/testlib/xxxxx2/output/result_1.mp4
2025-01-26 16:44:15,020 - /Users/joyy/Desktop/ResTool/tiktok-tools/tiktok_publish_video.py:63 - INFO: 等待上传视频：/Users/joyy/Desktop/testlib/xxxxx2/output/result_1.mp4
2025-01-26 16:44:16,038 - /Users/joyy/Desktop/ResTool/tiktok-tools/tiktok_publish_video.py:63 - INFO: 等待上传视频：/Users/joyy/Desktop/testlib/xxxxx2/output/result_1.mp4
2025-01-26 16:44:17,059 - /Users/joyy/Desktop/ResTool/tiktok-tools/tiktok_publish_video.py:63 - INFO: 等待上传视频：/Users/joyy/Desktop/testlib/xxxxx2/output/result_1.mp4
2025-01-26 16:44:18,078 - /Users/joyy/Desktop/ResTool/tiktok-tools/tiktok_publish_video.py:63 - INFO: 等待上传视频：/Users/joyy/Desktop/testlib/xxxxx2/output/result_1.mp4
2025-01-26 16:44:19,100 - /Users/joyy/Desktop/ResTool/tiktok-tools/tiktok_publish_video.py:63 - INFO: 等待上传视频：/Users/joyy/Desktop/testlib/xxxxx2/output/result_1.mp4
2025-01-26 16:44:20,121 - /Users/joyy/Desktop/ResTool/tiktok-tools/tiktok_publish_video.py:63 - INFO: 等待上传视频：/Users/joyy/Desktop/testlib/xxxxx2/output/result_1.mp4
2025-01-26 16:44:21,141 - /Users/joyy/Desktop/ResTool/tiktok-tools/tiktok_publish_video.py:63 - INFO: 等待上传视频：/Users/joyy/Desktop/testlib/xxxxx2/output/result_1.mp4
2025-01-26 16:44:22,163 - /Users/joyy/Desktop/ResTool/tiktok-tools/tiktok_publish_video.py:63 - INFO: 等待上传视频：/Users/joyy/Desktop/testlib/xxxxx2/output/result_1.mp4
2025-01-26 16:44:23,182 - /Users/joyy/Desktop/ResTool/tiktok-tools/tiktok_publish_video.py:63 - INFO: 等待上传视频：/Users/joyy/Desktop/testlib/xxxxx2/output/result_1.mp4
2025-01-26 16:44:24,200 - /Users/joyy/Desktop/ResTool/tiktok-tools/tiktok_publish_video.py:63 - INFO: 等待上传视频：/Users/joyy/Desktop/testlib/xxxxx2/output/result_1.mp4
2025-01-26 16:44:25,219 - /Users/joyy/Desktop/ResTool/tiktok-tools/tiktok_publish_video.py:63 - INFO: 等待上传视频：/Users/joyy/Desktop/testlib/xxxxx2/output/result_1.mp4
2025-01-26 16:44:26,239 - /Users/joyy/Desktop/ResTool/tiktok-tools/tiktok_publish_video.py:63 - INFO: 等待上传视频：/Users/joyy/Desktop/testlib/xxxxx2/output/result_1.mp4
2025-01-26 16:44:27,262 - /Users/joyy/Desktop/ResTool/tiktok-tools/tiktok_publish_video.py:63 - INFO: 等待上传视频：/Users/joyy/Desktop/testlib/xxxxx2/output/result_1.mp4
2025-01-26 16:44:28,285 - /Users/joyy/Desktop/ResTool/tiktok-tools/tiktok_publish_video.py:63 - INFO: 等待上传视频：/Users/joyy/Desktop/testlib/xxxxx2/output/result_1.mp4
2025-01-26 16:44:29,300 - /Users/joyy/Desktop/ResTool/tiktok-tools/tiktok_publish_video.py:63 - INFO: 等待上传视频：/Users/joyy/Desktop/testlib/xxxxx2/output/result_1.mp4
2025-01-26 16:44:30,311 - /Users/joyy/Desktop/ResTool/tiktok-tools/tiktok_publish_video.py:63 - INFO: 等待上传视频：/Users/joyy/Desktop/testlib/xxxxx2/output/result_1.mp4
2025-01-26 16:44:31,333 - /Users/joyy/Desktop/ResTool/tiktok-tools/tiktok_publish_video.py:63 - INFO: 等待上传视频：/Users/joyy/Desktop/testlib/xxxxx2/output/result_1.mp4
2025-01-26 16:44:32,353 - /Users/joyy/Desktop/ResTool/tiktok-tools/tiktok_publish_video.py:63 - INFO: 等待上传视频：/Users/joyy/Desktop/testlib/xxxxx2/output/result_1.mp4
2025-01-26 16:44:33,373 - /Users/joyy/Desktop/ResTool/tiktok-tools/tiktok_publish_video.py:63 - INFO: 等待上传视频：/Users/joyy/Desktop/testlib/xxxxx2/output/result_1.mp4
2025-01-26 16:44:34,395 - /Users/joyy/Desktop/ResTool/tiktok-tools/tiktok_publish_video.py:63 - INFO: 等待上传视频：/Users/joyy/Desktop/testlib/xxxxx2/output/result_1.mp4
2025-01-26 16:44:35,417 - /Users/joyy/Desktop/ResTool/tiktok-tools/tiktok_publish_video.py:63 - INFO: 等待上传视频：/Users/joyy/Desktop/testlib/xxxxx2/output/result_1.mp4
2025-01-26 16:44:36,441 - /Users/joyy/Desktop/ResTool/tiktok-tools/tiktok_publish_video.py:63 - INFO: 等待上传视频：/Users/joyy/Desktop/testlib/xxxxx2/output/result_1.mp4
2025-01-26 16:44:37,459 - /Users/joyy/Desktop/ResTool/tiktok-tools/tiktok_publish_video.py:63 - INFO: 等待上传视频：/Users/joyy/Desktop/testlib/xxxxx2/output/result_1.mp4
2025-01-26 16:44:38,481 - /Users/joyy/Desktop/ResTool/tiktok-tools/tiktok_publish_video.py:63 - INFO: 等待上传视频：/Users/joyy/Desktop/testlib/xxxxx2/output/result_1.mp4
2025-01-26 16:45:48,276 - /Users/joyy/Desktop/ResTool/bit_api.py:14 - INFO: 打开browser:{'success': True, 'data': {'ws': 'ws://127.0.0.1:55373/devtools/browser/ae39de1d-b20d-4654-9b19-d61edc45f2ed', 'http': '127.0.0.1:55373', 'coreVersion': '112', 'driver': '/Users/joyy/Library/Application Support/BitBrowser/chromedriver/112-arm/chromedriver', 'seq': 1281, 'name': 'tiktok测试2', 'remark': 'eden_cc0088', 'groupId': '2c9bc058900bfc07019010afee9464f2', 'pid': 22571}}
2025-01-26 16:45:48,279 - /Users/joyy/Desktop/ResTool/tiktok-tools/chrome_utils.py:43 - INFO: /Users/joyy/Library/Application Support/BitBrowser/chromedriver/112-arm/chromedriver
2025-01-26 16:45:48,285 - /Users/joyy/Desktop/ResTool/tiktok-tools/chrome_utils.py:44 - INFO: 127.0.0.1:55373
2025-01-26 16:46:31,746 - /Users/joyy/Desktop/ResTool/tiktok-tools/start.py:45 - INFO: 进入视频发布页面
2025-01-26 16:46:31,751 - /Users/joyy/Desktop/ResTool/tiktok-tools/driver_utils.py:28 - INFO: 打开:https://www.tiktok.com/tiktokstudio/upload?from=upload
2025-01-26 16:46:32,556 - /Users/joyy/Desktop/ResTool/tiktok-tools/driver_utils.py:30 - INFO: 打开成功:https://www.tiktok.com/tiktokstudio/upload?from=upload,TikTok Studio
2025-01-26 16:46:43,598 - /Users/joyy/Desktop/ResTool/tiktok-tools/tiktok_publish_video.py:57 - INFO: 开始上传视频：/Users/joyy/Desktop/testlib/xxxxx2/output/result_1.mp4
2025-01-26 16:46:46,627 - /Users/joyy/Desktop/ResTool/tiktok-tools/tiktok_publish_video.py:63 - INFO: 等待上传视频：/Users/joyy/Desktop/testlib/xxxxx2/output/result_1.mp4
2025-01-26 16:46:47,644 - /Users/joyy/Desktop/ResTool/tiktok-tools/tiktok_publish_video.py:63 - INFO: 等待上传视频：/Users/joyy/Desktop/testlib/xxxxx2/output/result_1.mp4
2025-01-26 16:46:48,656 - /Users/joyy/Desktop/ResTool/tiktok-tools/tiktok_publish_video.py:63 - INFO: 等待上传视频：/Users/joyy/Desktop/testlib/xxxxx2/output/result_1.mp4
2025-01-26 16:46:49,669 - /Users/joyy/Desktop/ResTool/tiktok-tools/tiktok_publish_video.py:63 - INFO: 等待上传视频：/Users/joyy/Desktop/testlib/xxxxx2/output/result_1.mp4
2025-01-26 16:46:50,689 - /Users/joyy/Desktop/ResTool/tiktok-tools/tiktok_publish_video.py:63 - INFO: 等待上传视频：/Users/joyy/Desktop/testlib/xxxxx2/output/result_1.mp4
2025-01-26 16:46:51,710 - /Users/joyy/Desktop/ResTool/tiktok-tools/tiktok_publish_video.py:63 - INFO: 等待上传视频：/Users/joyy/Desktop/testlib/xxxxx2/output/result_1.mp4
2025-01-26 16:46:52,724 - /Users/joyy/Desktop/ResTool/tiktok-tools/tiktok_publish_video.py:63 - INFO: 等待上传视频：/Users/joyy/Desktop/testlib/xxxxx2/output/result_1.mp4
2025-01-26 16:46:53,740 - /Users/joyy/Desktop/ResTool/tiktok-tools/tiktok_publish_video.py:63 - INFO: 等待上传视频：/Users/joyy/Desktop/testlib/xxxxx2/output/result_1.mp4
2025-01-26 16:46:54,750 - /Users/joyy/Desktop/ResTool/tiktok-tools/tiktok_publish_video.py:63 - INFO: 等待上传视频：/Users/joyy/Desktop/testlib/xxxxx2/output/result_1.mp4
2025-01-26 16:46:55,771 - /Users/joyy/Desktop/ResTool/tiktok-tools/tiktok_publish_video.py:63 - INFO: 等待上传视频：/Users/joyy/Desktop/testlib/xxxxx2/output/result_1.mp4
2025-01-26 16:46:56,790 - /Users/joyy/Desktop/ResTool/tiktok-tools/tiktok_publish_video.py:63 - INFO: 等待上传视频：/Users/joyy/Desktop/testlib/xxxxx2/output/result_1.mp4
2025-01-26 16:46:57,806 - /Users/joyy/Desktop/ResTool/tiktok-tools/tiktok_publish_video.py:63 - INFO: 等待上传视频：/Users/joyy/Desktop/testlib/xxxxx2/output/result_1.mp4
2025-01-26 16:46:58,815 - /Users/joyy/Desktop/ResTool/tiktok-tools/tiktok_publish_video.py:63 - INFO: 等待上传视频：/Users/joyy/Desktop/testlib/xxxxx2/output/result_1.mp4
2025-01-26 16:46:59,832 - /Users/joyy/Desktop/ResTool/tiktok-tools/tiktok_publish_video.py:63 - INFO: 等待上传视频：/Users/joyy/Desktop/testlib/xxxxx2/output/result_1.mp4
2025-01-26 16:47:00,855 - /Users/joyy/Desktop/ResTool/tiktok-tools/tiktok_publish_video.py:63 - INFO: 等待上传视频：/Users/joyy/Desktop/testlib/xxxxx2/output/result_1.mp4
2025-01-26 16:47:01,874 - /Users/joyy/Desktop/ResTool/tiktok-tools/tiktok_publish_video.py:63 - INFO: 等待上传视频：/Users/joyy/Desktop/testlib/xxxxx2/output/result_1.mp4
2025-01-26 16:47:02,894 - /Users/joyy/Desktop/ResTool/tiktok-tools/tiktok_publish_video.py:63 - INFO: 等待上传视频：/Users/joyy/Desktop/testlib/xxxxx2/output/result_1.mp4
2025-01-26 16:47:03,916 - /Users/joyy/Desktop/ResTool/tiktok-tools/tiktok_publish_video.py:63 - INFO: 等待上传视频：/Users/joyy/Desktop/testlib/xxxxx2/output/result_1.mp4
2025-01-26 16:47:04,937 - /Users/joyy/Desktop/ResTool/tiktok-tools/tiktok_publish_video.py:63 - INFO: 等待上传视频：/Users/joyy/Desktop/testlib/xxxxx2/output/result_1.mp4
2025-01-26 16:47:05,959 - /Users/joyy/Desktop/ResTool/tiktok-tools/tiktok_publish_video.py:63 - INFO: 等待上传视频：/Users/joyy/Desktop/testlib/xxxxx2/output/result_1.mp4
2025-01-26 16:47:06,979 - /Users/joyy/Desktop/ResTool/tiktok-tools/tiktok_publish_video.py:63 - INFO: 等待上传视频：/Users/joyy/Desktop/testlib/xxxxx2/output/result_1.mp4
2025-01-26 16:47:08,000 - /Users/joyy/Desktop/ResTool/tiktok-tools/tiktok_publish_video.py:63 - INFO: 等待上传视频：/Users/joyy/Desktop/testlib/xxxxx2/output/result_1.mp4
2025-01-26 16:47:09,013 - /Users/joyy/Desktop/ResTool/tiktok-tools/tiktok_publish_video.py:63 - INFO: 等待上传视频：/Users/joyy/Desktop/testlib/xxxxx2/output/result_1.mp4
2025-01-26 16:47:10,033 - /Users/joyy/Desktop/ResTool/tiktok-tools/tiktok_publish_video.py:63 - INFO: 等待上传视频：/Users/joyy/Desktop/testlib/xxxxx2/output/result_1.mp4
2025-01-26 16:47:11,055 - /Users/joyy/Desktop/ResTool/tiktok-tools/tiktok_publish_video.py:63 - INFO: 等待上传视频：/Users/joyy/Desktop/testlib/xxxxx2/output/result_1.mp4
2025-01-26 16:47:12,066 - /Users/joyy/Desktop/ResTool/tiktok-tools/tiktok_publish_video.py:63 - INFO: 等待上传视频：/Users/joyy/Desktop/testlib/xxxxx2/output/result_1.mp4
2025-01-26 16:47:13,083 - /Users/joyy/Desktop/ResTool/tiktok-tools/tiktok_publish_video.py:63 - INFO: 等待上传视频：/Users/joyy/Desktop/testlib/xxxxx2/output/result_1.mp4
2025-01-26 16:47:14,103 - /Users/joyy/Desktop/ResTool/tiktok-tools/tiktok_publish_video.py:63 - INFO: 等待上传视频：/Users/joyy/Desktop/testlib/xxxxx2/output/result_1.mp4
2025-01-26 16:47:15,120 - /Users/joyy/Desktop/ResTool/tiktok-tools/tiktok_publish_video.py:63 - INFO: 等待上传视频：/Users/joyy/Desktop/testlib/xxxxx2/output/result_1.mp4
2025-01-26 16:47:16,141 - /Users/joyy/Desktop/ResTool/tiktok-tools/tiktok_publish_video.py:63 - INFO: 等待上传视频：/Users/joyy/Desktop/testlib/xxxxx2/output/result_1.mp4
2025-01-26 16:47:17,163 - /Users/joyy/Desktop/ResTool/tiktok-tools/tiktok_publish_video.py:63 - INFO: 等待上传视频：/Users/joyy/Desktop/testlib/xxxxx2/output/result_1.mp4
2025-01-26 16:47:18,183 - /Users/joyy/Desktop/ResTool/tiktok-tools/tiktok_publish_video.py:63 - INFO: 等待上传视频：/Users/joyy/Desktop/testlib/xxxxx2/output/result_1.mp4
2025-01-26 16:47:19,201 - /Users/joyy/Desktop/ResTool/tiktok-tools/tiktok_publish_video.py:63 - INFO: 等待上传视频：/Users/joyy/Desktop/testlib/xxxxx2/output/result_1.mp4
2025-01-26 16:47:20,218 - /Users/joyy/Desktop/ResTool/tiktok-tools/tiktok_publish_video.py:63 - INFO: 等待上传视频：/Users/joyy/Desktop/testlib/xxxxx2/output/result_1.mp4
2025-01-26 16:47:21,236 - /Users/joyy/Desktop/ResTool/tiktok-tools/tiktok_publish_video.py:63 - INFO: 等待上传视频：/Users/joyy/Desktop/testlib/xxxxx2/output/result_1.mp4
2025-01-26 16:47:22,248 - /Users/joyy/Desktop/ResTool/tiktok-tools/tiktok_publish_video.py:63 - INFO: 等待上传视频：/Users/joyy/Desktop/testlib/xxxxx2/output/result_1.mp4
2025-01-26 16:47:23,259 - /Users/joyy/Desktop/ResTool/tiktok-tools/tiktok_publish_video.py:63 - INFO: 等待上传视频：/Users/joyy/Desktop/testlib/xxxxx2/output/result_1.mp4
2025-01-26 16:47:24,280 - /Users/joyy/Desktop/ResTool/tiktok-tools/tiktok_publish_video.py:63 - INFO: 等待上传视频：/Users/joyy/Desktop/testlib/xxxxx2/output/result_1.mp4
2025-01-26 16:47:25,298 - /Users/joyy/Desktop/ResTool/tiktok-tools/tiktok_publish_video.py:63 - INFO: 等待上传视频：/Users/joyy/Desktop/testlib/xxxxx2/output/result_1.mp4
2025-01-26 16:47:26,321 - /Users/joyy/Desktop/ResTool/tiktok-tools/tiktok_publish_video.py:63 - INFO: 等待上传视频：/Users/joyy/Desktop/testlib/xxxxx2/output/result_1.mp4
2025-01-26 16:47:27,341 - /Users/joyy/Desktop/ResTool/tiktok-tools/tiktok_publish_video.py:63 - INFO: 等待上传视频：/Users/joyy/Desktop/testlib/xxxxx2/output/result_1.mp4
2025-01-26 16:47:28,354 - /Users/joyy/Desktop/ResTool/tiktok-tools/tiktok_publish_video.py:63 - INFO: 等待上传视频：/Users/joyy/Desktop/testlib/xxxxx2/output/result_1.mp4
2025-01-26 16:47:29,376 - /Users/joyy/Desktop/ResTool/tiktok-tools/tiktok_publish_video.py:63 - INFO: 等待上传视频：/Users/joyy/Desktop/testlib/xxxxx2/output/result_1.mp4
2025-01-26 16:47:30,389 - /Users/joyy/Desktop/ResTool/tiktok-tools/tiktok_publish_video.py:63 - INFO: 等待上传视频：/Users/joyy/Desktop/testlib/xxxxx2/output/result_1.mp4
2025-01-26 16:47:31,405 - /Users/joyy/Desktop/ResTool/tiktok-tools/tiktok_publish_video.py:63 - INFO: 等待上传视频：/Users/joyy/Desktop/testlib/xxxxx2/output/result_1.mp4
2025-01-26 16:47:32,416 - /Users/joyy/Desktop/ResTool/tiktok-tools/tiktok_publish_video.py:63 - INFO: 等待上传视频：/Users/joyy/Desktop/testlib/xxxxx2/output/result_1.mp4
2025-01-26 16:47:33,434 - /Users/joyy/Desktop/ResTool/tiktok-tools/tiktok_publish_video.py:63 - INFO: 等待上传视频：/Users/joyy/Desktop/testlib/xxxxx2/output/result_1.mp4
2025-01-26 16:47:34,448 - /Users/joyy/Desktop/ResTool/tiktok-tools/tiktok_publish_video.py:63 - INFO: 等待上传视频：/Users/joyy/Desktop/testlib/xxxxx2/output/result_1.mp4
2025-01-26 16:47:35,463 - /Users/joyy/Desktop/ResTool/tiktok-tools/tiktok_publish_video.py:63 - INFO: 等待上传视频：/Users/joyy/Desktop/testlib/xxxxx2/output/result_1.mp4
2025-01-26 16:47:36,485 - /Users/joyy/Desktop/ResTool/tiktok-tools/tiktok_publish_video.py:63 - INFO: 等待上传视频：/Users/joyy/Desktop/testlib/xxxxx2/output/result_1.mp4
2025-01-26 16:47:37,507 - /Users/joyy/Desktop/ResTool/tiktok-tools/tiktok_publish_video.py:63 - INFO: 等待上传视频：/Users/joyy/Desktop/testlib/xxxxx2/output/result_1.mp4
2025-01-26 16:47:38,517 - /Users/joyy/Desktop/ResTool/tiktok-tools/tiktok_publish_video.py:63 - INFO: 等待上传视频：/Users/joyy/Desktop/testlib/xxxxx2/output/result_1.mp4
2025-01-26 16:47:39,537 - /Users/joyy/Desktop/ResTool/tiktok-tools/tiktok_publish_video.py:63 - INFO: 等待上传视频：/Users/joyy/Desktop/testlib/xxxxx2/output/result_1.mp4
2025-01-26 16:47:40,557 - /Users/joyy/Desktop/ResTool/tiktok-tools/tiktok_publish_video.py:63 - INFO: 等待上传视频：/Users/joyy/Desktop/testlib/xxxxx2/output/result_1.mp4
2025-01-26 16:47:41,578 - /Users/joyy/Desktop/ResTool/tiktok-tools/tiktok_publish_video.py:63 - INFO: 等待上传视频：/Users/joyy/Desktop/testlib/xxxxx2/output/result_1.mp4
2025-01-26 16:47:42,598 - /Users/joyy/Desktop/ResTool/tiktok-tools/tiktok_publish_video.py:63 - INFO: 等待上传视频：/Users/joyy/Desktop/testlib/xxxxx2/output/result_1.mp4
2025-01-26 16:47:43,620 - /Users/joyy/Desktop/ResTool/tiktok-tools/tiktok_publish_video.py:63 - INFO: 等待上传视频：/Users/joyy/Desktop/testlib/xxxxx2/output/result_1.mp4
2025-01-26 16:47:44,631 - /Users/joyy/Desktop/ResTool/tiktok-tools/tiktok_publish_video.py:63 - INFO: 等待上传视频：/Users/joyy/Desktop/testlib/xxxxx2/output/result_1.mp4
2025-01-26 16:47:45,639 - /Users/joyy/Desktop/ResTool/tiktok-tools/tiktok_publish_video.py:63 - INFO: 等待上传视频：/Users/joyy/Desktop/testlib/xxxxx2/output/result_1.mp4
2025-01-26 16:47:46,660 - /Users/joyy/Desktop/ResTool/tiktok-tools/tiktok_publish_video.py:63 - INFO: 等待上传视频：/Users/joyy/Desktop/testlib/xxxxx2/output/result_1.mp4
2025-01-26 16:47:47,676 - /Users/joyy/Desktop/ResTool/tiktok-tools/tiktok_publish_video.py:63 - INFO: 等待上传视频：/Users/joyy/Desktop/testlib/xxxxx2/output/result_1.mp4
2025-01-26 16:47:48,683 - /Users/joyy/Desktop/ResTool/tiktok-tools/tiktok_publish_video.py:63 - INFO: 等待上传视频：/Users/joyy/Desktop/testlib/xxxxx2/output/result_1.mp4
2025-01-26 16:47:49,707 - /Users/joyy/Desktop/ResTool/tiktok-tools/tiktok_publish_video.py:63 - INFO: 等待上传视频：/Users/joyy/Desktop/testlib/xxxxx2/output/result_1.mp4
2025-01-26 16:47:50,723 - /Users/joyy/Desktop/ResTool/tiktok-tools/tiktok_publish_video.py:63 - INFO: 等待上传视频：/Users/joyy/Desktop/testlib/xxxxx2/output/result_1.mp4
2025-01-26 16:47:51,744 - /Users/joyy/Desktop/ResTool/tiktok-tools/tiktok_publish_video.py:63 - INFO: 等待上传视频：/Users/joyy/Desktop/testlib/xxxxx2/output/result_1.mp4
2025-01-26 16:47:52,764 - /Users/joyy/Desktop/ResTool/tiktok-tools/tiktok_publish_video.py:63 - INFO: 等待上传视频：/Users/joyy/Desktop/testlib/xxxxx2/output/result_1.mp4
2025-01-26 16:47:53,785 - /Users/joyy/Desktop/ResTool/tiktok-tools/tiktok_publish_video.py:63 - INFO: 等待上传视频：/Users/joyy/Desktop/testlib/xxxxx2/output/result_1.mp4
2025-01-26 16:47:54,798 - /Users/joyy/Desktop/ResTool/tiktok-tools/tiktok_publish_video.py:63 - INFO: 等待上传视频：/Users/joyy/Desktop/testlib/xxxxx2/output/result_1.mp4
2025-01-26 16:47:55,818 - /Users/joyy/Desktop/ResTool/tiktok-tools/tiktok_publish_video.py:63 - INFO: 等待上传视频：/Users/joyy/Desktop/testlib/xxxxx2/output/result_1.mp4
2025-01-26 16:47:56,835 - /Users/joyy/Desktop/ResTool/tiktok-tools/tiktok_publish_video.py:63 - INFO: 等待上传视频：/Users/joyy/Desktop/testlib/xxxxx2/output/result_1.mp4
2025-01-26 16:47:57,858 - /Users/joyy/Desktop/ResTool/tiktok-tools/tiktok_publish_video.py:63 - INFO: 等待上传视频：/Users/joyy/Desktop/testlib/xxxxx2/output/result_1.mp4
2025-01-26 16:47:58,871 - /Users/joyy/Desktop/ResTool/tiktok-tools/tiktok_publish_video.py:63 - INFO: 等待上传视频：/Users/joyy/Desktop/testlib/xxxxx2/output/result_1.mp4
2025-01-26 16:47:59,884 - /Users/joyy/Desktop/ResTool/tiktok-tools/tiktok_publish_video.py:63 - INFO: 等待上传视频：/Users/joyy/Desktop/testlib/xxxxx2/output/result_1.mp4
2025-01-26 16:48:00,911 - /Users/joyy/Desktop/ResTool/tiktok-tools/tiktok_publish_video.py:63 - INFO: 等待上传视频：/Users/joyy/Desktop/testlib/xxxxx2/output/result_1.mp4
2025-01-26 16:48:01,933 - /Users/joyy/Desktop/ResTool/tiktok-tools/tiktok_publish_video.py:63 - INFO: 等待上传视频：/Users/joyy/Desktop/testlib/xxxxx2/output/result_1.mp4
2025-01-26 16:48:02,950 - /Users/joyy/Desktop/ResTool/tiktok-tools/tiktok_publish_video.py:63 - INFO: 等待上传视频：/Users/joyy/Desktop/testlib/xxxxx2/output/result_1.mp4
2025-01-26 16:48:03,967 - /Users/joyy/Desktop/ResTool/tiktok-tools/tiktok_publish_video.py:63 - INFO: 等待上传视频：/Users/joyy/Desktop/testlib/xxxxx2/output/result_1.mp4
2025-01-26 16:48:04,987 - /Users/joyy/Desktop/ResTool/tiktok-tools/tiktok_publish_video.py:63 - INFO: 等待上传视频：/Users/joyy/Desktop/testlib/xxxxx2/output/result_1.mp4
2025-01-26 16:48:06,000 - /Users/joyy/Desktop/ResTool/tiktok-tools/tiktok_publish_video.py:63 - INFO: 等待上传视频：/Users/joyy/Desktop/testlib/xxxxx2/output/result_1.mp4
2025-01-26 16:48:07,012 - /Users/joyy/Desktop/ResTool/tiktok-tools/tiktok_publish_video.py:63 - INFO: 等待上传视频：/Users/joyy/Desktop/testlib/xxxxx2/output/result_1.mp4
2025-01-26 16:48:08,032 - /Users/joyy/Desktop/ResTool/tiktok-tools/tiktok_publish_video.py:63 - INFO: 等待上传视频：/Users/joyy/Desktop/testlib/xxxxx2/output/result_1.mp4
2025-01-26 16:48:09,047 - /Users/joyy/Desktop/ResTool/tiktok-tools/tiktok_publish_video.py:63 - INFO: 等待上传视频：/Users/joyy/Desktop/testlib/xxxxx2/output/result_1.mp4
2025-01-26 16:48:10,068 - /Users/joyy/Desktop/ResTool/tiktok-tools/tiktok_publish_video.py:63 - INFO: 等待上传视频：/Users/joyy/Desktop/testlib/xxxxx2/output/result_1.mp4
2025-01-26 16:48:11,087 - /Users/joyy/Desktop/ResTool/tiktok-tools/tiktok_publish_video.py:63 - INFO: 等待上传视频：/Users/joyy/Desktop/testlib/xxxxx2/output/result_1.mp4
2025-01-26 16:48:12,112 - /Users/joyy/Desktop/ResTool/tiktok-tools/tiktok_publish_video.py:63 - INFO: 等待上传视频：/Users/joyy/Desktop/testlib/xxxxx2/output/result_1.mp4
2025-01-26 16:48:13,131 - /Users/joyy/Desktop/ResTool/tiktok-tools/tiktok_publish_video.py:63 - INFO: 等待上传视频：/Users/joyy/Desktop/testlib/xxxxx2/output/result_1.mp4
2025-01-26 16:48:14,152 - /Users/joyy/Desktop/ResTool/tiktok-tools/tiktok_publish_video.py:63 - INFO: 等待上传视频：/Users/joyy/Desktop/testlib/xxxxx2/output/result_1.mp4
2025-01-26 16:48:15,169 - /Users/joyy/Desktop/ResTool/tiktok-tools/tiktok_publish_video.py:63 - INFO: 等待上传视频：/Users/joyy/Desktop/testlib/xxxxx2/output/result_1.mp4
2025-01-26 16:48:16,188 - /Users/joyy/Desktop/ResTool/tiktok-tools/tiktok_publish_video.py:63 - INFO: 等待上传视频：/Users/joyy/Desktop/testlib/xxxxx2/output/result_1.mp4
2025-01-26 16:48:17,211 - /Users/joyy/Desktop/ResTool/tiktok-tools/tiktok_publish_video.py:63 - INFO: 等待上传视频：/Users/joyy/Desktop/testlib/xxxxx2/output/result_1.mp4
2025-01-26 16:48:18,232 - /Users/joyy/Desktop/ResTool/tiktok-tools/tiktok_publish_video.py:63 - INFO: 等待上传视频：/Users/joyy/Desktop/testlib/xxxxx2/output/result_1.mp4
2025-01-26 16:48:19,253 - /Users/joyy/Desktop/ResTool/tiktok-tools/tiktok_publish_video.py:63 - INFO: 等待上传视频：/Users/joyy/Desktop/testlib/xxxxx2/output/result_1.mp4
2025-01-26 16:48:20,269 - /Users/joyy/Desktop/ResTool/tiktok-tools/tiktok_publish_video.py:63 - INFO: 等待上传视频：/Users/joyy/Desktop/testlib/xxxxx2/output/result_1.mp4
2025-01-26 16:48:21,279 - /Users/joyy/Desktop/ResTool/tiktok-tools/tiktok_publish_video.py:63 - INFO: 等待上传视频：/Users/joyy/Desktop/testlib/xxxxx2/output/result_1.mp4
2025-01-26 16:48:22,964 - /Users/joyy/Desktop/ResTool/tiktok-tools/tiktok_publish_video.py:63 - INFO: 等待上传视频：/Users/joyy/Desktop/testlib/xxxxx2/output/result_1.mp4
2025-01-26 16:48:23,989 - /Users/joyy/Desktop/ResTool/tiktok-tools/tiktok_publish_video.py:63 - INFO: 等待上传视频：/Users/joyy/Desktop/testlib/xxxxx2/output/result_1.mp4
2025-01-26 16:48:25,010 - /Users/joyy/Desktop/ResTool/tiktok-tools/tiktok_publish_video.py:63 - INFO: 等待上传视频：/Users/joyy/Desktop/testlib/xxxxx2/output/result_1.mp4
2025-01-26 16:48:26,033 - /Users/joyy/Desktop/ResTool/tiktok-tools/tiktok_publish_video.py:63 - INFO: 等待上传视频：/Users/joyy/Desktop/testlib/xxxxx2/output/result_1.mp4
2025-01-26 16:48:27,054 - /Users/joyy/Desktop/ResTool/tiktok-tools/tiktok_publish_video.py:63 - INFO: 等待上传视频：/Users/joyy/Desktop/testlib/xxxxx2/output/result_1.mp4
2025-01-26 16:48:28,075 - /Users/joyy/Desktop/ResTool/tiktok-tools/tiktok_publish_video.py:63 - INFO: 等待上传视频：/Users/joyy/Desktop/testlib/xxxxx2/output/result_1.mp4
2025-01-26 16:48:29,097 - /Users/joyy/Desktop/ResTool/tiktok-tools/tiktok_publish_video.py:63 - INFO: 等待上传视频：/Users/joyy/Desktop/testlib/xxxxx2/output/result_1.mp4
2025-01-26 16:48:30,119 - /Users/joyy/Desktop/ResTool/tiktok-tools/start.py:56 - INFO: 上传视频失败/Users/joyy/Desktop/testlib/xxxxx2/output/result_1.mp4
2025-01-26 16:48:35,393 - /Users/joyy/Desktop/ResTool/tiktok-tools/driver_utils.py:90 - INFO: 获取元素有点慢:(//*[@data-contents="true"]/div/div/span/span)
2025-01-26 16:48:46,835 - /Users/joyy/Desktop/ResTool/tiktok-tools/driver_utils.py:87 - ERROR: 获取元素失败:(//*[@data-contents="true"]/div/div/span/span)
2025-01-26 16:50:01,307 - /Users/joyy/Desktop/ResTool/bit_api.py:14 - INFO: 打开browser:{'success': True, 'data': {'ws': 'ws://127.0.0.1:56595/devtools/browser/b1f61346-344d-47da-9786-f2eb07dbc0ea', 'http': '127.0.0.1:56595', 'coreVersion': '112', 'driver': '/Users/joyy/Library/Application Support/BitBrowser/chromedriver/112-arm/chromedriver', 'seq': 1281, 'name': 'tiktok测试2', 'remark': 'eden_cc0088', 'groupId': '2c9bc058900bfc07019010afee9464f2', 'pid': 22811}}
2025-01-26 16:50:01,307 - /Users/joyy/Desktop/ResTool/tiktok-tools/chrome_utils.py:43 - INFO: /Users/joyy/Library/Application Support/BitBrowser/chromedriver/112-arm/chromedriver
2025-01-26 16:50:01,308 - /Users/joyy/Desktop/ResTool/tiktok-tools/chrome_utils.py:44 - INFO: 127.0.0.1:56595
2025-01-26 16:50:06,236 - /Users/joyy/Desktop/ResTool/tiktok-tools/start.py:45 - INFO: 进入视频发布页面
2025-01-26 16:50:06,237 - /Users/joyy/Desktop/ResTool/tiktok-tools/driver_utils.py:28 - INFO: 打开:https://www.tiktok.com/tiktokstudio/upload?from=upload
2025-01-26 16:50:12,645 - /Users/joyy/Desktop/ResTool/tiktok-tools/driver_utils.py:30 - INFO: 打开成功:https://www.tiktok.com/tiktokstudio/upload?from=upload,TikTok Studio
2025-01-26 16:50:23,752 - /Users/joyy/Desktop/ResTool/tiktok-tools/tiktok_publish_video.py:57 - INFO: 开始上传视频：/Users/joyy/Desktop/testlib/xxxxx2/output/result_1.mp4
2025-01-26 16:50:28,815 - /Users/joyy/Desktop/ResTool/tiktok-tools/tiktok_publish_video.py:75 - INFO: 正在上传视频：/Users/joyy/Desktop/testlib/xxxxx2/output/result_1.mp4
2025-01-26 16:50:30,890 - /Users/joyy/Desktop/ResTool/tiktok-tools/tiktok_publish_video.py:75 - INFO: 正在上传视频：/Users/joyy/Desktop/testlib/xxxxx2/output/result_1.mp4
2025-01-26 16:50:32,962 - /Users/joyy/Desktop/ResTool/tiktok-tools/tiktok_publish_video.py:75 - INFO: 正在上传视频：/Users/joyy/Desktop/testlib/xxxxx2/output/result_1.mp4
2025-01-26 16:50:35,023 - /Users/joyy/Desktop/ResTool/tiktok-tools/tiktok_publish_video.py:75 - INFO: 正在上传视频：/Users/joyy/Desktop/testlib/xxxxx2/output/result_1.mp4
2025-01-26 16:50:35,088 - /Users/joyy/Desktop/ResTool/tiktok-tools/start.py:54 - INFO: 上传视频成功
2025-01-26 16:51:19,013 - /Users/joyy/Desktop/ResTool/bit_api.py:21 - INFO: 关闭browser:{'success': True, 'data': '操作成功'}
2025-01-26 16:51:27,371 - /Users/joyy/Desktop/ResTool/bit_api.py:14 - INFO: 打开browser:{'success': True, 'data': {'ws': 'ws://127.0.0.1:57008/devtools/browser/ce2c4d75-7df9-4f6e-aab0-902a5817b44c', 'http': '127.0.0.1:57008', 'coreVersion': '112', 'driver': '/Users/joyy/Library/Application Support/BitBrowser/chromedriver/112-arm/chromedriver', 'seq': 1281, 'name': 'tiktok测试2', 'remark': 'eden_cc0088', 'groupId': '2c9bc058900bfc07019010afee9464f2', 'pid': 22915}}
2025-01-26 16:51:27,372 - /Users/joyy/Desktop/ResTool/tiktok-tools/chrome_utils.py:43 - INFO: /Users/joyy/Library/Application Support/BitBrowser/chromedriver/112-arm/chromedriver
2025-01-26 16:51:27,374 - /Users/joyy/Desktop/ResTool/tiktok-tools/chrome_utils.py:44 - INFO: 127.0.0.1:57008
2025-01-26 16:51:36,272 - /Users/joyy/Desktop/ResTool/tiktok-tools/start.py:45 - INFO: 进入视频发布页面
2025-01-26 16:51:36,273 - /Users/joyy/Desktop/ResTool/tiktok-tools/driver_utils.py:28 - INFO: 打开:https://www.tiktok.com/tiktokstudio/upload?from=upload
2025-01-26 16:51:37,143 - /Users/joyy/Desktop/ResTool/tiktok-tools/driver_utils.py:30 - INFO: 打开成功:https://www.tiktok.com/tiktokstudio/upload?from=upload,TikTok Studio
2025-01-26 16:51:48,251 - /Users/joyy/Desktop/ResTool/tiktok-tools/tiktok_publish_video.py:57 - INFO: 开始上传视频：/Users/joyy/Desktop/testlib/xxxxx2/output/result_2.mp4
2025-01-26 16:51:53,304 - /Users/joyy/Desktop/ResTool/tiktok-tools/tiktok_publish_video.py:75 - INFO: 正在上传视频：/Users/joyy/Desktop/testlib/xxxxx2/output/result_2.mp4
2025-01-26 16:51:55,368 - /Users/joyy/Desktop/ResTool/tiktok-tools/tiktok_publish_video.py:75 - INFO: 正在上传视频：/Users/joyy/Desktop/testlib/xxxxx2/output/result_2.mp4
2025-01-26 16:51:57,438 - /Users/joyy/Desktop/ResTool/tiktok-tools/tiktok_publish_video.py:75 - INFO: 正在上传视频：/Users/joyy/Desktop/testlib/xxxxx2/output/result_2.mp4
2025-01-26 16:51:59,485 - /Users/joyy/Desktop/ResTool/tiktok-tools/tiktok_publish_video.py:75 - INFO: 正在上传视频：/Users/joyy/Desktop/testlib/xxxxx2/output/result_2.mp4
2025-01-26 16:52:01,538 - /Users/joyy/Desktop/ResTool/tiktok-tools/tiktok_publish_video.py:75 - INFO: 正在上传视频：/Users/joyy/Desktop/testlib/xxxxx2/output/result_2.mp4
2025-01-26 16:52:03,591 - /Users/joyy/Desktop/ResTool/tiktok-tools/tiktok_publish_video.py:75 - INFO: 正在上传视频：/Users/joyy/Desktop/testlib/xxxxx2/output/result_2.mp4
2025-01-26 16:52:05,646 - /Users/joyy/Desktop/ResTool/tiktok-tools/tiktok_publish_video.py:75 - INFO: 正在上传视频：/Users/joyy/Desktop/testlib/xxxxx2/output/result_2.mp4
2025-01-26 16:52:07,699 - /Users/joyy/Desktop/ResTool/tiktok-tools/tiktok_publish_video.py:75 - INFO: 正在上传视频：/Users/joyy/Desktop/testlib/xxxxx2/output/result_2.mp4
2025-01-26 16:52:09,742 - /Users/joyy/Desktop/ResTool/tiktok-tools/tiktok_publish_video.py:75 - INFO: 正在上传视频：/Users/joyy/Desktop/testlib/xxxxx2/output/result_2.mp4
2025-01-26 16:52:11,776 - /Users/joyy/Desktop/ResTool/tiktok-tools/tiktok_publish_video.py:75 - INFO: 正在上传视频：/Users/joyy/Desktop/testlib/xxxxx2/output/result_2.mp4
2025-01-26 16:52:13,833 - /Users/joyy/Desktop/ResTool/tiktok-tools/tiktok_publish_video.py:75 - INFO: 正在上传视频：/Users/joyy/Desktop/testlib/xxxxx2/output/result_2.mp4
2025-01-26 16:52:15,888 - /Users/joyy/Desktop/ResTool/tiktok-tools/tiktok_publish_video.py:75 - INFO: 正在上传视频：/Users/joyy/Desktop/testlib/xxxxx2/output/result_2.mp4
2025-01-26 16:52:17,947 - /Users/joyy/Desktop/ResTool/tiktok-tools/tiktok_publish_video.py:75 - INFO: 正在上传视频：/Users/joyy/Desktop/testlib/xxxxx2/output/result_2.mp4
2025-01-26 16:52:19,994 - /Users/joyy/Desktop/ResTool/tiktok-tools/tiktok_publish_video.py:75 - INFO: 正在上传视频：/Users/joyy/Desktop/testlib/xxxxx2/output/result_2.mp4
2025-01-26 16:52:22,025 - /Users/joyy/Desktop/ResTool/tiktok-tools/tiktok_publish_video.py:75 - INFO: 正在上传视频：/Users/joyy/Desktop/testlib/xxxxx2/output/result_2.mp4
2025-01-26 16:52:24,079 - /Users/joyy/Desktop/ResTool/tiktok-tools/tiktok_publish_video.py:75 - INFO: 正在上传视频：/Users/joyy/Desktop/testlib/xxxxx2/output/result_2.mp4
2025-01-26 16:52:26,140 - /Users/joyy/Desktop/ResTool/tiktok-tools/tiktok_publish_video.py:75 - INFO: 正在上传视频：/Users/joyy/Desktop/testlib/xxxxx2/output/result_2.mp4
2025-01-26 16:52:28,200 - /Users/joyy/Desktop/ResTool/tiktok-tools/tiktok_publish_video.py:75 - INFO: 正在上传视频：/Users/joyy/Desktop/testlib/xxxxx2/output/result_2.mp4
2025-01-26 16:52:30,261 - /Users/joyy/Desktop/ResTool/tiktok-tools/tiktok_publish_video.py:75 - INFO: 正在上传视频：/Users/joyy/Desktop/testlib/xxxxx2/output/result_2.mp4
2025-01-26 16:52:32,303 - /Users/joyy/Desktop/ResTool/tiktok-tools/tiktok_publish_video.py:75 - INFO: 正在上传视频：/Users/joyy/Desktop/testlib/xxxxx2/output/result_2.mp4
2025-01-26 16:52:34,364 - /Users/joyy/Desktop/ResTool/tiktok-tools/tiktok_publish_video.py:75 - INFO: 正在上传视频：/Users/joyy/Desktop/testlib/xxxxx2/output/result_2.mp4
2025-01-26 16:52:36,397 - /Users/joyy/Desktop/ResTool/tiktok-tools/tiktok_publish_video.py:75 - INFO: 正在上传视频：/Users/joyy/Desktop/testlib/xxxxx2/output/result_2.mp4
2025-01-26 16:52:38,464 - /Users/joyy/Desktop/ResTool/tiktok-tools/tiktok_publish_video.py:75 - INFO: 正在上传视频：/Users/joyy/Desktop/testlib/xxxxx2/output/result_2.mp4
2025-01-26 16:52:40,516 - /Users/joyy/Desktop/ResTool/tiktok-tools/tiktok_publish_video.py:75 - INFO: 正在上传视频：/Users/joyy/Desktop/testlib/xxxxx2/output/result_2.mp4
2025-01-26 16:52:42,579 - /Users/joyy/Desktop/ResTool/tiktok-tools/tiktok_publish_video.py:75 - INFO: 正在上传视频：/Users/joyy/Desktop/testlib/xxxxx2/output/result_2.mp4
2025-01-26 16:52:44,639 - /Users/joyy/Desktop/ResTool/tiktok-tools/tiktok_publish_video.py:75 - INFO: 正在上传视频：/Users/joyy/Desktop/testlib/xxxxx2/output/result_2.mp4
2025-01-26 16:52:46,699 - /Users/joyy/Desktop/ResTool/tiktok-tools/tiktok_publish_video.py:75 - INFO: 正在上传视频：/Users/joyy/Desktop/testlib/xxxxx2/output/result_2.mp4
2025-01-26 16:52:48,746 - /Users/joyy/Desktop/ResTool/tiktok-tools/tiktok_publish_video.py:75 - INFO: 正在上传视频：/Users/joyy/Desktop/testlib/xxxxx2/output/result_2.mp4
2025-01-26 16:52:50,797 - /Users/joyy/Desktop/ResTool/tiktok-tools/tiktok_publish_video.py:75 - INFO: 正在上传视频：/Users/joyy/Desktop/testlib/xxxxx2/output/result_2.mp4
2025-01-26 16:52:52,854 - /Users/joyy/Desktop/ResTool/tiktok-tools/tiktok_publish_video.py:75 - INFO: 正在上传视频：/Users/joyy/Desktop/testlib/xxxxx2/output/result_2.mp4
2025-01-26 16:52:54,903 - /Users/joyy/Desktop/ResTool/tiktok-tools/tiktok_publish_video.py:75 - INFO: 正在上传视频：/Users/joyy/Desktop/testlib/xxxxx2/output/result_2.mp4
2025-01-26 16:52:56,964 - /Users/joyy/Desktop/ResTool/tiktok-tools/tiktok_publish_video.py:75 - INFO: 正在上传视频：/Users/joyy/Desktop/testlib/xxxxx2/output/result_2.mp4
2025-01-26 16:52:59,027 - /Users/joyy/Desktop/ResTool/tiktok-tools/tiktok_publish_video.py:75 - INFO: 正在上传视频：/Users/joyy/Desktop/testlib/xxxxx2/output/result_2.mp4
2025-01-26 16:53:01,098 - /Users/joyy/Desktop/ResTool/tiktok-tools/tiktok_publish_video.py:75 - INFO: 正在上传视频：/Users/joyy/Desktop/testlib/xxxxx2/output/result_2.mp4
2025-01-26 16:53:03,171 - /Users/joyy/Desktop/ResTool/tiktok-tools/tiktok_publish_video.py:75 - INFO: 正在上传视频：/Users/joyy/Desktop/testlib/xxxxx2/output/result_2.mp4
2025-01-26 16:53:05,235 - /Users/joyy/Desktop/ResTool/tiktok-tools/tiktok_publish_video.py:75 - INFO: 正在上传视频：/Users/joyy/Desktop/testlib/xxxxx2/output/result_2.mp4
2025-01-26 16:53:07,295 - /Users/joyy/Desktop/ResTool/tiktok-tools/tiktok_publish_video.py:75 - INFO: 正在上传视频：/Users/joyy/Desktop/testlib/xxxxx2/output/result_2.mp4
2025-01-26 16:53:09,357 - /Users/joyy/Desktop/ResTool/tiktok-tools/tiktok_publish_video.py:75 - INFO: 正在上传视频：/Users/joyy/Desktop/testlib/xxxxx2/output/result_2.mp4
2025-01-26 16:53:11,394 - /Users/joyy/Desktop/ResTool/tiktok-tools/tiktok_publish_video.py:75 - INFO: 正在上传视频：/Users/joyy/Desktop/testlib/xxxxx2/output/result_2.mp4
2025-01-26 16:53:13,438 - /Users/joyy/Desktop/ResTool/tiktok-tools/tiktok_publish_video.py:75 - INFO: 正在上传视频：/Users/joyy/Desktop/testlib/xxxxx2/output/result_2.mp4
2025-01-26 16:53:15,490 - /Users/joyy/Desktop/ResTool/tiktok-tools/tiktok_publish_video.py:75 - INFO: 正在上传视频：/Users/joyy/Desktop/testlib/xxxxx2/output/result_2.mp4
2025-01-26 16:53:17,545 - /Users/joyy/Desktop/ResTool/tiktok-tools/tiktok_publish_video.py:75 - INFO: 正在上传视频：/Users/joyy/Desktop/testlib/xxxxx2/output/result_2.mp4
2025-01-26 16:53:19,582 - /Users/joyy/Desktop/ResTool/tiktok-tools/tiktok_publish_video.py:75 - INFO: 正在上传视频：/Users/joyy/Desktop/testlib/xxxxx2/output/result_2.mp4
2025-01-26 16:53:21,619 - /Users/joyy/Desktop/ResTool/tiktok-tools/tiktok_publish_video.py:75 - INFO: 正在上传视频：/Users/joyy/Desktop/testlib/xxxxx2/output/result_2.mp4
2025-01-26 16:53:23,659 - /Users/joyy/Desktop/ResTool/tiktok-tools/tiktok_publish_video.py:75 - INFO: 正在上传视频：/Users/joyy/Desktop/testlib/xxxxx2/output/result_2.mp4
2025-01-26 16:53:25,702 - /Users/joyy/Desktop/ResTool/tiktok-tools/tiktok_publish_video.py:75 - INFO: 正在上传视频：/Users/joyy/Desktop/testlib/xxxxx2/output/result_2.mp4
2025-01-26 16:53:27,752 - /Users/joyy/Desktop/ResTool/tiktok-tools/tiktok_publish_video.py:75 - INFO: 正在上传视频：/Users/joyy/Desktop/testlib/xxxxx2/output/result_2.mp4
2025-01-26 16:53:29,814 - /Users/joyy/Desktop/ResTool/tiktok-tools/tiktok_publish_video.py:75 - INFO: 正在上传视频：/Users/joyy/Desktop/testlib/xxxxx2/output/result_2.mp4
2025-01-26 16:53:31,843 - /Users/joyy/Desktop/ResTool/tiktok-tools/tiktok_publish_video.py:75 - INFO: 正在上传视频：/Users/joyy/Desktop/testlib/xxxxx2/output/result_2.mp4
2025-01-26 16:53:33,890 - /Users/joyy/Desktop/ResTool/tiktok-tools/tiktok_publish_video.py:75 - INFO: 正在上传视频：/Users/joyy/Desktop/testlib/xxxxx2/output/result_2.mp4
2025-01-26 16:53:35,951 - /Users/joyy/Desktop/ResTool/tiktok-tools/tiktok_publish_video.py:75 - INFO: 正在上传视频：/Users/joyy/Desktop/testlib/xxxxx2/output/result_2.mp4
2025-01-26 16:53:36,021 - /Users/joyy/Desktop/ResTool/tiktok-tools/start.py:54 - INFO: 上传视频成功
2025-01-26 16:54:19,568 - /Users/joyy/Desktop/ResTool/bit_api.py:21 - INFO: 关闭browser:{'success': True, 'data': '操作成功'}
2025-01-26 16:54:27,690 - /Users/joyy/Desktop/ResTool/bit_api.py:14 - INFO: 打开browser:{'success': True, 'data': {'ws': 'ws://127.0.0.1:57985/devtools/browser/5d20dab0-82b9-4ded-8c50-8d7fc7780f1e', 'http': '127.0.0.1:57985', 'coreVersion': '112', 'driver': '/Users/joyy/Library/Application Support/BitBrowser/chromedriver/112-arm/chromedriver', 'seq': 1281, 'name': 'tiktok测试2', 'remark': 'eden_cc0088', 'groupId': '2c9bc058900bfc07019010afee9464f2', 'pid': 23081}}
2025-01-26 16:54:27,691 - /Users/joyy/Desktop/ResTool/tiktok-tools/chrome_utils.py:43 - INFO: /Users/joyy/Library/Application Support/BitBrowser/chromedriver/112-arm/chromedriver
2025-01-26 16:54:27,692 - /Users/joyy/Desktop/ResTool/tiktok-tools/chrome_utils.py:44 - INFO: 127.0.0.1:57985
2025-01-26 16:54:31,396 - /Users/joyy/Desktop/ResTool/tiktok-tools/start.py:45 - INFO: 进入视频发布页面
2025-01-26 16:54:31,397 - /Users/joyy/Desktop/ResTool/tiktok-tools/driver_utils.py:28 - INFO: 打开:https://www.tiktok.com/tiktokstudio/upload?from=upload
2025-01-26 16:54:32,188 - /Users/joyy/Desktop/ResTool/tiktok-tools/driver_utils.py:30 - INFO: 打开成功:https://www.tiktok.com/tiktokstudio/upload?from=upload,TikTok Studio
2025-01-26 16:54:43,301 - /Users/joyy/Desktop/ResTool/tiktok-tools/tiktok_publish_video.py:57 - INFO: 开始上传视频：/Users/joyy/Desktop/testlib/xxxxx2/output/result_3.mp4
2025-01-26 16:54:48,371 - /Users/joyy/Desktop/ResTool/tiktok-tools/tiktok_publish_video.py:75 - INFO: 正在上传视频：/Users/joyy/Desktop/testlib/xxxxx2/output/result_3.mp4
2025-01-26 16:54:50,427 - /Users/joyy/Desktop/ResTool/tiktok-tools/tiktok_publish_video.py:75 - INFO: 正在上传视频：/Users/joyy/Desktop/testlib/xxxxx2/output/result_3.mp4
2025-01-26 16:54:52,485 - /Users/joyy/Desktop/ResTool/tiktok-tools/tiktok_publish_video.py:75 - INFO: 正在上传视频：/Users/joyy/Desktop/testlib/xxxxx2/output/result_3.mp4
2025-01-26 16:54:54,551 - /Users/joyy/Desktop/ResTool/tiktok-tools/tiktok_publish_video.py:75 - INFO: 正在上传视频：/Users/joyy/Desktop/testlib/xxxxx2/output/result_3.mp4
2025-01-26 16:54:56,602 - /Users/joyy/Desktop/ResTool/tiktok-tools/tiktok_publish_video.py:75 - INFO: 正在上传视频：/Users/joyy/Desktop/testlib/xxxxx2/output/result_3.mp4
2025-01-26 16:54:58,654 - /Users/joyy/Desktop/ResTool/tiktok-tools/tiktok_publish_video.py:75 - INFO: 正在上传视频：/Users/joyy/Desktop/testlib/xxxxx2/output/result_3.mp4
2025-01-26 16:55:00,707 - /Users/joyy/Desktop/ResTool/tiktok-tools/tiktok_publish_video.py:75 - INFO: 正在上传视频：/Users/joyy/Desktop/testlib/xxxxx2/output/result_3.mp4
2025-01-26 16:55:02,754 - /Users/joyy/Desktop/ResTool/tiktok-tools/tiktok_publish_video.py:75 - INFO: 正在上传视频：/Users/joyy/Desktop/testlib/xxxxx2/output/result_3.mp4
2025-01-26 16:55:02,814 - /Users/joyy/Desktop/ResTool/tiktok-tools/start.py:54 - INFO: 上传视频成功
2025-01-26 16:55:45,199 - /Users/joyy/Desktop/ResTool/bit_api.py:21 - INFO: 关闭browser:{'success': True, 'data': '操作成功'}
2025-01-26 19:31:50,248 - /Users/joyy/Desktop/ResTool/bit_api.py:14 - INFO: 打开browser:{'success': True, 'data': {'ws': 'ws://127.0.0.1:59719/devtools/browser/54122747-15ad-4954-aaec-1ef8910f1789', 'http': '127.0.0.1:59719', 'coreVersion': '112', 'driver': '/Users/joyy/Library/Application Support/BitBrowser/chromedriver/112-arm/chromedriver', 'seq': 1281, 'name': 'tiktok测试2', 'remark': 'eden_cc0088', 'groupId': '2c9bc058900bfc07019010afee9464f2', 'pid': 42785}}
2025-01-26 19:31:50,249 - /Users/joyy/Desktop/ResTool/tiktok-tools/chrome_utils.py:43 - INFO: /Users/joyy/Library/Application Support/BitBrowser/chromedriver/112-arm/chromedriver
2025-01-26 19:31:50,249 - /Users/joyy/Desktop/ResTool/tiktok-tools/chrome_utils.py:44 - INFO: 127.0.0.1:59719
2025-01-26 19:36:50,889 - /Users/joyy/Desktop/ResTool/bit_api.py:14 - INFO: 打开browser:{'success': True, 'data': {'ws': 'ws://127.0.0.1:61377/devtools/browser/39908eb3-9e7d-4951-a8d5-15fe580b875a', 'http': '127.0.0.1:61377', 'coreVersion': '112', 'driver': '/Users/joyy/Library/Application Support/BitBrowser/chromedriver/112-arm/chromedriver', 'seq': 1281, 'name': 'tiktok测试2', 'remark': 'eden_cc0088', 'groupId': '2c9bc058900bfc07019010afee9464f2', 'pid': 43091}}
2025-01-26 19:36:50,890 - /Users/joyy/Desktop/ResTool/tiktok-tools/chrome_utils.py:43 - INFO: /Users/joyy/Library/Application Support/BitBrowser/chromedriver/112-arm/chromedriver
2025-01-26 19:36:50,890 - /Users/joyy/Desktop/ResTool/tiktok-tools/chrome_utils.py:44 - INFO: 127.0.0.1:61377
2025-01-26 19:37:01,024 - /Users/joyy/Desktop/ResTool/tiktok-tools/start.py:45 - INFO: 进入视频发布页面
2025-01-26 19:37:01,025 - /Users/joyy/Desktop/ResTool/tiktok-tools/driver_utils.py:28 - INFO: 打开:https://www.tiktok.com/tiktokstudio/upload?from=upload
2025-01-26 19:37:11,088 - /Users/joyy/Desktop/ResTool/tiktok-tools/driver_utils.py:34 - ERROR: 打开失败:https://www.tiktok.com/tiktokstudio/upload?from=upload
2025-01-26 19:37:22,132 - /Users/joyy/Desktop/ResTool/tiktok-tools/tiktok_publish_video.py:57 - INFO: 开始上传视频：/Users/joyy/Desktop/testlib/xxxxx2/output/result_1.mp4
2025-01-26 19:37:25,163 - /Users/joyy/Desktop/ResTool/tiktok-tools/tiktok_publish_video.py:63 - INFO: 等待上传视频：/Users/joyy/Desktop/testlib/xxxxx2/output/result_1.mp4
2025-01-26 19:37:26,186 - /Users/joyy/Desktop/ResTool/tiktok-tools/tiktok_publish_video.py:63 - INFO: 等待上传视频：/Users/joyy/Desktop/testlib/xxxxx2/output/result_1.mp4
2025-01-26 19:37:27,209 - /Users/joyy/Desktop/ResTool/tiktok-tools/tiktok_publish_video.py:63 - INFO: 等待上传视频：/Users/joyy/Desktop/testlib/xxxxx2/output/result_1.mp4
2025-01-26 19:37:28,222 - /Users/joyy/Desktop/ResTool/tiktok-tools/tiktok_publish_video.py:63 - INFO: 等待上传视频：/Users/joyy/Desktop/testlib/xxxxx2/output/result_1.mp4
2025-01-26 19:37:29,235 - /Users/joyy/Desktop/ResTool/tiktok-tools/tiktok_publish_video.py:63 - INFO: 等待上传视频：/Users/joyy/Desktop/testlib/xxxxx2/output/result_1.mp4
2025-01-26 19:37:30,255 - /Users/joyy/Desktop/ResTool/tiktok-tools/tiktok_publish_video.py:63 - INFO: 等待上传视频：/Users/joyy/Desktop/testlib/xxxxx2/output/result_1.mp4
2025-01-26 19:37:31,275 - /Users/joyy/Desktop/ResTool/tiktok-tools/tiktok_publish_video.py:63 - INFO: 等待上传视频：/Users/joyy/Desktop/testlib/xxxxx2/output/result_1.mp4
2025-01-26 19:37:32,297 - /Users/joyy/Desktop/ResTool/tiktok-tools/tiktok_publish_video.py:63 - INFO: 等待上传视频：/Users/joyy/Desktop/testlib/xxxxx2/output/result_1.mp4
2025-01-26 19:37:33,310 - /Users/joyy/Desktop/ResTool/tiktok-tools/tiktok_publish_video.py:63 - INFO: 等待上传视频：/Users/joyy/Desktop/testlib/xxxxx2/output/result_1.mp4
2025-01-26 19:37:34,331 - /Users/joyy/Desktop/ResTool/tiktok-tools/tiktok_publish_video.py:63 - INFO: 等待上传视频：/Users/joyy/Desktop/testlib/xxxxx2/output/result_1.mp4
2025-01-26 19:37:35,349 - /Users/joyy/Desktop/ResTool/tiktok-tools/tiktok_publish_video.py:63 - INFO: 等待上传视频：/Users/joyy/Desktop/testlib/xxxxx2/output/result_1.mp4
2025-01-26 19:37:36,372 - /Users/joyy/Desktop/ResTool/tiktok-tools/tiktok_publish_video.py:63 - INFO: 等待上传视频：/Users/joyy/Desktop/testlib/xxxxx2/output/result_1.mp4
2025-01-26 19:37:37,396 - /Users/joyy/Desktop/ResTool/tiktok-tools/tiktok_publish_video.py:63 - INFO: 等待上传视频：/Users/joyy/Desktop/testlib/xxxxx2/output/result_1.mp4
2025-01-26 19:37:38,416 - /Users/joyy/Desktop/ResTool/tiktok-tools/tiktok_publish_video.py:63 - INFO: 等待上传视频：/Users/joyy/Desktop/testlib/xxxxx2/output/result_1.mp4
2025-01-26 19:37:39,426 - /Users/joyy/Desktop/ResTool/tiktok-tools/tiktok_publish_video.py:63 - INFO: 等待上传视频：/Users/joyy/Desktop/testlib/xxxxx2/output/result_1.mp4
2025-01-26 19:37:40,441 - /Users/joyy/Desktop/ResTool/tiktok-tools/tiktok_publish_video.py:63 - INFO: 等待上传视频：/Users/joyy/Desktop/testlib/xxxxx2/output/result_1.mp4
2025-01-26 19:37:41,453 - /Users/joyy/Desktop/ResTool/tiktok-tools/tiktok_publish_video.py:63 - INFO: 等待上传视频：/Users/joyy/Desktop/testlib/xxxxx2/output/result_1.mp4
2025-01-26 19:37:42,497 - /Users/joyy/Desktop/ResTool/tiktok-tools/tiktok_publish_video.py:63 - INFO: 等待上传视频：/Users/joyy/Desktop/testlib/xxxxx2/output/result_1.mp4
2025-01-26 19:37:43,515 - /Users/joyy/Desktop/ResTool/tiktok-tools/tiktok_publish_video.py:63 - INFO: 等待上传视频：/Users/joyy/Desktop/testlib/xxxxx2/output/result_1.mp4
2025-01-26 19:37:44,532 - /Users/joyy/Desktop/ResTool/tiktok-tools/tiktok_publish_video.py:63 - INFO: 等待上传视频：/Users/joyy/Desktop/testlib/xxxxx2/output/result_1.mp4
2025-01-26 19:37:45,552 - /Users/joyy/Desktop/ResTool/tiktok-tools/tiktok_publish_video.py:63 - INFO: 等待上传视频：/Users/joyy/Desktop/testlib/xxxxx2/output/result_1.mp4
2025-01-26 19:37:46,579 - /Users/joyy/Desktop/ResTool/tiktok-tools/tiktok_publish_video.py:63 - INFO: 等待上传视频：/Users/joyy/Desktop/testlib/xxxxx2/output/result_1.mp4
2025-01-26 19:37:47,597 - /Users/joyy/Desktop/ResTool/tiktok-tools/tiktok_publish_video.py:63 - INFO: 等待上传视频：/Users/joyy/Desktop/testlib/xxxxx2/output/result_1.mp4
2025-01-26 19:37:48,616 - /Users/joyy/Desktop/ResTool/tiktok-tools/tiktok_publish_video.py:63 - INFO: 等待上传视频：/Users/joyy/Desktop/testlib/xxxxx2/output/result_1.mp4
2025-01-26 19:37:49,632 - /Users/joyy/Desktop/ResTool/tiktok-tools/tiktok_publish_video.py:63 - INFO: 等待上传视频：/Users/joyy/Desktop/testlib/xxxxx2/output/result_1.mp4
2025-01-26 19:37:50,651 - /Users/joyy/Desktop/ResTool/tiktok-tools/tiktok_publish_video.py:63 - INFO: 等待上传视频：/Users/joyy/Desktop/testlib/xxxxx2/output/result_1.mp4
2025-01-26 19:37:51,672 - /Users/joyy/Desktop/ResTool/tiktok-tools/tiktok_publish_video.py:63 - INFO: 等待上传视频：/Users/joyy/Desktop/testlib/xxxxx2/output/result_1.mp4
2025-01-26 19:37:52,823 - /Users/joyy/Desktop/ResTool/tiktok-tools/tiktok_publish_video.py:63 - INFO: 等待上传视频：/Users/joyy/Desktop/testlib/xxxxx2/output/result_1.mp4
2025-01-26 19:37:53,845 - /Users/joyy/Desktop/ResTool/tiktok-tools/tiktok_publish_video.py:63 - INFO: 等待上传视频：/Users/joyy/Desktop/testlib/xxxxx2/output/result_1.mp4
2025-01-26 19:37:54,861 - /Users/joyy/Desktop/ResTool/tiktok-tools/tiktok_publish_video.py:63 - INFO: 等待上传视频：/Users/joyy/Desktop/testlib/xxxxx2/output/result_1.mp4
2025-01-26 19:37:55,876 - /Users/joyy/Desktop/ResTool/tiktok-tools/tiktok_publish_video.py:63 - INFO: 等待上传视频：/Users/joyy/Desktop/testlib/xxxxx2/output/result_1.mp4
2025-01-26 19:37:56,900 - /Users/joyy/Desktop/ResTool/tiktok-tools/tiktok_publish_video.py:63 - INFO: 等待上传视频：/Users/joyy/Desktop/testlib/xxxxx2/output/result_1.mp4
2025-01-26 19:37:57,917 - /Users/joyy/Desktop/ResTool/tiktok-tools/tiktok_publish_video.py:63 - INFO: 等待上传视频：/Users/joyy/Desktop/testlib/xxxxx2/output/result_1.mp4
2025-01-26 19:37:58,928 - /Users/joyy/Desktop/ResTool/tiktok-tools/tiktok_publish_video.py:63 - INFO: 等待上传视频：/Users/joyy/Desktop/testlib/xxxxx2/output/result_1.mp4
2025-01-26 19:37:59,939 - /Users/joyy/Desktop/ResTool/tiktok-tools/tiktok_publish_video.py:63 - INFO: 等待上传视频：/Users/joyy/Desktop/testlib/xxxxx2/output/result_1.mp4
2025-01-26 19:38:00,956 - /Users/joyy/Desktop/ResTool/tiktok-tools/tiktok_publish_video.py:63 - INFO: 等待上传视频：/Users/joyy/Desktop/testlib/xxxxx2/output/result_1.mp4
2025-01-26 19:38:01,976 - /Users/joyy/Desktop/ResTool/tiktok-tools/tiktok_publish_video.py:63 - INFO: 等待上传视频：/Users/joyy/Desktop/testlib/xxxxx2/output/result_1.mp4
2025-01-26 19:38:02,995 - /Users/joyy/Desktop/ResTool/tiktok-tools/tiktok_publish_video.py:63 - INFO: 等待上传视频：/Users/joyy/Desktop/testlib/xxxxx2/output/result_1.mp4
2025-01-26 19:38:04,008 - /Users/joyy/Desktop/ResTool/tiktok-tools/tiktok_publish_video.py:63 - INFO: 等待上传视频：/Users/joyy/Desktop/testlib/xxxxx2/output/result_1.mp4
2025-01-26 19:38:05,031 - /Users/joyy/Desktop/ResTool/tiktok-tools/tiktok_publish_video.py:63 - INFO: 等待上传视频：/Users/joyy/Desktop/testlib/xxxxx2/output/result_1.mp4
2025-01-26 19:38:06,052 - /Users/joyy/Desktop/ResTool/tiktok-tools/tiktok_publish_video.py:63 - INFO: 等待上传视频：/Users/joyy/Desktop/testlib/xxxxx2/output/result_1.mp4
2025-01-26 19:38:07,074 - /Users/joyy/Desktop/ResTool/tiktok-tools/tiktok_publish_video.py:63 - INFO: 等待上传视频：/Users/joyy/Desktop/testlib/xxxxx2/output/result_1.mp4
2025-01-26 19:38:08,095 - /Users/joyy/Desktop/ResTool/tiktok-tools/tiktok_publish_video.py:63 - INFO: 等待上传视频：/Users/joyy/Desktop/testlib/xxxxx2/output/result_1.mp4
2025-01-26 19:38:09,107 - /Users/joyy/Desktop/ResTool/tiktok-tools/tiktok_publish_video.py:63 - INFO: 等待上传视频：/Users/joyy/Desktop/testlib/xxxxx2/output/result_1.mp4
2025-01-26 19:38:10,128 - /Users/joyy/Desktop/ResTool/tiktok-tools/tiktok_publish_video.py:63 - INFO: 等待上传视频：/Users/joyy/Desktop/testlib/xxxxx2/output/result_1.mp4
2025-01-26 19:38:11,152 - /Users/joyy/Desktop/ResTool/tiktok-tools/tiktok_publish_video.py:63 - INFO: 等待上传视频：/Users/joyy/Desktop/testlib/xxxxx2/output/result_1.mp4
2025-01-26 19:38:12,172 - /Users/joyy/Desktop/ResTool/tiktok-tools/tiktok_publish_video.py:63 - INFO: 等待上传视频：/Users/joyy/Desktop/testlib/xxxxx2/output/result_1.mp4
2025-01-26 19:38:13,187 - /Users/joyy/Desktop/ResTool/tiktok-tools/tiktok_publish_video.py:63 - INFO: 等待上传视频：/Users/joyy/Desktop/testlib/xxxxx2/output/result_1.mp4
2025-01-26 19:38:14,207 - /Users/joyy/Desktop/ResTool/tiktok-tools/tiktok_publish_video.py:63 - INFO: 等待上传视频：/Users/joyy/Desktop/testlib/xxxxx2/output/result_1.mp4
2025-01-26 19:38:15,226 - /Users/joyy/Desktop/ResTool/tiktok-tools/tiktok_publish_video.py:63 - INFO: 等待上传视频：/Users/joyy/Desktop/testlib/xxxxx2/output/result_1.mp4
2025-01-26 19:38:16,248 - /Users/joyy/Desktop/ResTool/tiktok-tools/tiktok_publish_video.py:63 - INFO: 等待上传视频：/Users/joyy/Desktop/testlib/xxxxx2/output/result_1.mp4
2025-01-26 19:38:17,271 - /Users/joyy/Desktop/ResTool/tiktok-tools/tiktok_publish_video.py:63 - INFO: 等待上传视频：/Users/joyy/Desktop/testlib/xxxxx2/output/result_1.mp4
2025-01-26 19:38:18,287 - /Users/joyy/Desktop/ResTool/tiktok-tools/tiktok_publish_video.py:63 - INFO: 等待上传视频：/Users/joyy/Desktop/testlib/xxxxx2/output/result_1.mp4
2025-01-26 19:38:19,298 - /Users/joyy/Desktop/ResTool/tiktok-tools/tiktok_publish_video.py:63 - INFO: 等待上传视频：/Users/joyy/Desktop/testlib/xxxxx2/output/result_1.mp4
2025-01-26 19:38:20,310 - /Users/joyy/Desktop/ResTool/tiktok-tools/tiktok_publish_video.py:63 - INFO: 等待上传视频：/Users/joyy/Desktop/testlib/xxxxx2/output/result_1.mp4
2025-01-26 19:38:21,327 - /Users/joyy/Desktop/ResTool/tiktok-tools/tiktok_publish_video.py:63 - INFO: 等待上传视频：/Users/joyy/Desktop/testlib/xxxxx2/output/result_1.mp4
2025-01-26 19:38:22,340 - /Users/joyy/Desktop/ResTool/tiktok-tools/tiktok_publish_video.py:63 - INFO: 等待上传视频：/Users/joyy/Desktop/testlib/xxxxx2/output/result_1.mp4
2025-01-26 19:38:23,356 - /Users/joyy/Desktop/ResTool/tiktok-tools/tiktok_publish_video.py:63 - INFO: 等待上传视频：/Users/joyy/Desktop/testlib/xxxxx2/output/result_1.mp4
2025-01-26 19:38:24,369 - /Users/joyy/Desktop/ResTool/tiktok-tools/tiktok_publish_video.py:63 - INFO: 等待上传视频：/Users/joyy/Desktop/testlib/xxxxx2/output/result_1.mp4
2025-01-26 19:38:25,384 - /Users/joyy/Desktop/ResTool/tiktok-tools/tiktok_publish_video.py:63 - INFO: 等待上传视频：/Users/joyy/Desktop/testlib/xxxxx2/output/result_1.mp4
2025-01-26 19:38:26,404 - /Users/joyy/Desktop/ResTool/tiktok-tools/tiktok_publish_video.py:63 - INFO: 等待上传视频：/Users/joyy/Desktop/testlib/xxxxx2/output/result_1.mp4
2025-01-26 19:38:27,423 - /Users/joyy/Desktop/ResTool/tiktok-tools/tiktok_publish_video.py:63 - INFO: 等待上传视频：/Users/joyy/Desktop/testlib/xxxxx2/output/result_1.mp4
2025-01-26 19:38:28,443 - /Users/joyy/Desktop/ResTool/tiktok-tools/tiktok_publish_video.py:63 - INFO: 等待上传视频：/Users/joyy/Desktop/testlib/xxxxx2/output/result_1.mp4
2025-01-26 19:38:29,455 - /Users/joyy/Desktop/ResTool/tiktok-tools/tiktok_publish_video.py:63 - INFO: 等待上传视频：/Users/joyy/Desktop/testlib/xxxxx2/output/result_1.mp4
2025-01-26 19:38:30,473 - /Users/joyy/Desktop/ResTool/tiktok-tools/tiktok_publish_video.py:63 - INFO: 等待上传视频：/Users/joyy/Desktop/testlib/xxxxx2/output/result_1.mp4
2025-01-26 19:38:31,496 - /Users/joyy/Desktop/ResTool/tiktok-tools/tiktok_publish_video.py:63 - INFO: 等待上传视频：/Users/joyy/Desktop/testlib/xxxxx2/output/result_1.mp4
2025-01-26 19:38:32,511 - /Users/joyy/Desktop/ResTool/tiktok-tools/tiktok_publish_video.py:63 - INFO: 等待上传视频：/Users/joyy/Desktop/testlib/xxxxx2/output/result_1.mp4
2025-01-26 19:38:33,528 - /Users/joyy/Desktop/ResTool/tiktok-tools/tiktok_publish_video.py:63 - INFO: 等待上传视频：/Users/joyy/Desktop/testlib/xxxxx2/output/result_1.mp4
2025-01-26 19:38:34,547 - /Users/joyy/Desktop/ResTool/tiktok-tools/tiktok_publish_video.py:63 - INFO: 等待上传视频：/Users/joyy/Desktop/testlib/xxxxx2/output/result_1.mp4
2025-01-26 19:38:35,567 - /Users/joyy/Desktop/ResTool/tiktok-tools/tiktok_publish_video.py:63 - INFO: 等待上传视频：/Users/joyy/Desktop/testlib/xxxxx2/output/result_1.mp4
2025-01-26 19:38:36,590 - /Users/joyy/Desktop/ResTool/tiktok-tools/tiktok_publish_video.py:63 - INFO: 等待上传视频：/Users/joyy/Desktop/testlib/xxxxx2/output/result_1.mp4
2025-01-26 19:38:37,611 - /Users/joyy/Desktop/ResTool/tiktok-tools/tiktok_publish_video.py:63 - INFO: 等待上传视频：/Users/joyy/Desktop/testlib/xxxxx2/output/result_1.mp4
2025-01-26 19:38:38,632 - /Users/joyy/Desktop/ResTool/tiktok-tools/tiktok_publish_video.py:63 - INFO: 等待上传视频：/Users/joyy/Desktop/testlib/xxxxx2/output/result_1.mp4
2025-01-26 19:38:39,644 - /Users/joyy/Desktop/ResTool/tiktok-tools/tiktok_publish_video.py:63 - INFO: 等待上传视频：/Users/joyy/Desktop/testlib/xxxxx2/output/result_1.mp4
2025-01-26 19:38:40,659 - /Users/joyy/Desktop/ResTool/tiktok-tools/tiktok_publish_video.py:63 - INFO: 等待上传视频：/Users/joyy/Desktop/testlib/xxxxx2/output/result_1.mp4
2025-01-26 19:38:41,673 - /Users/joyy/Desktop/ResTool/tiktok-tools/tiktok_publish_video.py:63 - INFO: 等待上传视频：/Users/joyy/Desktop/testlib/xxxxx2/output/result_1.mp4
2025-01-26 19:38:42,693 - /Users/joyy/Desktop/ResTool/tiktok-tools/tiktok_publish_video.py:63 - INFO: 等待上传视频：/Users/joyy/Desktop/testlib/xxxxx2/output/result_1.mp4
2025-01-26 19:38:43,704 - /Users/joyy/Desktop/ResTool/tiktok-tools/tiktok_publish_video.py:63 - INFO: 等待上传视频：/Users/joyy/Desktop/testlib/xxxxx2/output/result_1.mp4
2025-01-26 19:38:44,719 - /Users/joyy/Desktop/ResTool/tiktok-tools/tiktok_publish_video.py:63 - INFO: 等待上传视频：/Users/joyy/Desktop/testlib/xxxxx2/output/result_1.mp4
2025-01-26 19:38:45,731 - /Users/joyy/Desktop/ResTool/tiktok-tools/tiktok_publish_video.py:63 - INFO: 等待上传视频：/Users/joyy/Desktop/testlib/xxxxx2/output/result_1.mp4
2025-01-26 19:38:46,741 - /Users/joyy/Desktop/ResTool/tiktok-tools/tiktok_publish_video.py:63 - INFO: 等待上传视频：/Users/joyy/Desktop/testlib/xxxxx2/output/result_1.mp4
2025-01-26 19:38:47,758 - /Users/joyy/Desktop/ResTool/tiktok-tools/tiktok_publish_video.py:63 - INFO: 等待上传视频：/Users/joyy/Desktop/testlib/xxxxx2/output/result_1.mp4
2025-01-26 19:38:48,769 - /Users/joyy/Desktop/ResTool/tiktok-tools/tiktok_publish_video.py:63 - INFO: 等待上传视频：/Users/joyy/Desktop/testlib/xxxxx2/output/result_1.mp4
2025-01-26 19:38:49,790 - /Users/joyy/Desktop/ResTool/tiktok-tools/tiktok_publish_video.py:63 - INFO: 等待上传视频：/Users/joyy/Desktop/testlib/xxxxx2/output/result_1.mp4
2025-01-26 19:38:50,806 - /Users/joyy/Desktop/ResTool/tiktok-tools/tiktok_publish_video.py:63 - INFO: 等待上传视频：/Users/joyy/Desktop/testlib/xxxxx2/output/result_1.mp4
2025-01-26 19:38:51,830 - /Users/joyy/Desktop/ResTool/tiktok-tools/tiktok_publish_video.py:63 - INFO: 等待上传视频：/Users/joyy/Desktop/testlib/xxxxx2/output/result_1.mp4
2025-01-26 19:38:53,626 - /Users/joyy/Desktop/ResTool/tiktok-tools/tiktok_publish_video.py:63 - INFO: 等待上传视频：/Users/joyy/Desktop/testlib/xxxxx2/output/result_1.mp4
2025-01-26 19:38:56,152 - /Users/joyy/Desktop/ResTool/tiktok-tools/tiktok_publish_video.py:63 - INFO: 等待上传视频：/Users/joyy/Desktop/testlib/xxxxx2/output/result_1.mp4
2025-01-26 19:38:57,169 - /Users/joyy/Desktop/ResTool/tiktok-tools/tiktok_publish_video.py:63 - INFO: 等待上传视频：/Users/joyy/Desktop/testlib/xxxxx2/output/result_1.mp4
2025-01-26 19:38:58,180 - /Users/joyy/Desktop/ResTool/tiktok-tools/tiktok_publish_video.py:63 - INFO: 等待上传视频：/Users/joyy/Desktop/testlib/xxxxx2/output/result_1.mp4
2025-01-26 19:38:59,196 - /Users/joyy/Desktop/ResTool/tiktok-tools/tiktok_publish_video.py:63 - INFO: 等待上传视频：/Users/joyy/Desktop/testlib/xxxxx2/output/result_1.mp4
2025-01-26 19:39:00,209 - /Users/joyy/Desktop/ResTool/tiktok-tools/tiktok_publish_video.py:63 - INFO: 等待上传视频：/Users/joyy/Desktop/testlib/xxxxx2/output/result_1.mp4
2025-01-26 19:39:01,229 - /Users/joyy/Desktop/ResTool/tiktok-tools/tiktok_publish_video.py:63 - INFO: 等待上传视频：/Users/joyy/Desktop/testlib/xxxxx2/output/result_1.mp4
2025-01-26 19:39:02,250 - /Users/joyy/Desktop/ResTool/tiktok-tools/tiktok_publish_video.py:63 - INFO: 等待上传视频：/Users/joyy/Desktop/testlib/xxxxx2/output/result_1.mp4
2025-01-26 19:39:03,263 - /Users/joyy/Desktop/ResTool/tiktok-tools/tiktok_publish_video.py:63 - INFO: 等待上传视频：/Users/joyy/Desktop/testlib/xxxxx2/output/result_1.mp4
2025-01-26 19:39:04,284 - /Users/joyy/Desktop/ResTool/tiktok-tools/tiktok_publish_video.py:63 - INFO: 等待上传视频：/Users/joyy/Desktop/testlib/xxxxx2/output/result_1.mp4
2025-01-26 19:39:05,311 - /Users/joyy/Desktop/ResTool/tiktok-tools/tiktok_publish_video.py:63 - INFO: 等待上传视频：/Users/joyy/Desktop/testlib/xxxxx2/output/result_1.mp4
2025-01-26 19:39:06,329 - /Users/joyy/Desktop/ResTool/tiktok-tools/tiktok_publish_video.py:63 - INFO: 等待上传视频：/Users/joyy/Desktop/testlib/xxxxx2/output/result_1.mp4
2025-01-26 19:39:07,349 - /Users/joyy/Desktop/ResTool/tiktok-tools/tiktok_publish_video.py:63 - INFO: 等待上传视频：/Users/joyy/Desktop/testlib/xxxxx2/output/result_1.mp4
2025-01-26 19:39:08,364 - /Users/joyy/Desktop/ResTool/tiktok-tools/tiktok_publish_video.py:63 - INFO: 等待上传视频：/Users/joyy/Desktop/testlib/xxxxx2/output/result_1.mp4
2025-01-26 19:39:09,375 - /Users/joyy/Desktop/ResTool/tiktok-tools/tiktok_publish_video.py:63 - INFO: 等待上传视频：/Users/joyy/Desktop/testlib/xxxxx2/output/result_1.mp4
2025-01-26 19:39:10,395 - /Users/joyy/Desktop/ResTool/tiktok-tools/start.py:56 - INFO: 上传视频失败/Users/joyy/Desktop/testlib/xxxxx2/output/result_1.mp4
2025-01-26 19:39:15,649 - /Users/joyy/Desktop/ResTool/tiktok-tools/driver_utils.py:90 - INFO: 获取元素有点慢:(//*[@data-contents="true"]/div/div/span/span)
2025-01-26 19:40:26,775 - /Users/joyy/Desktop/ResTool/bit_api.py:14 - INFO: 打开browser:{'success': True, 'data': {'ws': 'ws://127.0.0.1:62850/devtools/browser/8fd93412-1cf4-408f-8401-e87fd8b65178', 'http': '127.0.0.1:62850', 'coreVersion': '112', 'driver': '/Users/joyy/Library/Application Support/BitBrowser/chromedriver/112-arm/chromedriver', 'seq': 1281, 'name': 'tiktok测试2', 'remark': 'eden_cc0088', 'groupId': '2c9bc058900bfc07019010afee9464f2', 'pid': 43326}}
2025-01-26 19:40:26,775 - /Users/joyy/Desktop/ResTool/tiktok-tools/chrome_utils.py:43 - INFO: /Users/joyy/Library/Application Support/BitBrowser/chromedriver/112-arm/chromedriver
2025-01-26 19:40:26,775 - /Users/joyy/Desktop/ResTool/tiktok-tools/chrome_utils.py:44 - INFO: 127.0.0.1:62850
2025-01-26 19:40:30,580 - /Users/joyy/Desktop/ResTool/tiktok-tools/start.py:45 - INFO: 进入视频发布页面
2025-01-26 19:40:30,581 - /Users/joyy/Desktop/ResTool/tiktok-tools/driver_utils.py:28 - INFO: 打开:https://www.tiktok.com/tiktokstudio/upload?from=upload
2025-01-26 19:40:31,363 - /Users/joyy/Desktop/ResTool/tiktok-tools/driver_utils.py:30 - INFO: 打开成功:https://www.tiktok.com/tiktokstudio/upload?from=upload,TikTok Studio
2025-01-26 19:40:42,539 - /Users/joyy/Desktop/ResTool/tiktok-tools/tiktok_publish_video.py:57 - INFO: 开始上传视频：/Users/joyy/Desktop/testlib/xxxxx2/output/result_1.mp4
2025-01-26 19:40:47,583 - /Users/joyy/Desktop/ResTool/tiktok-tools/tiktok_publish_video.py:75 - INFO: 正在上传视频：/Users/joyy/Desktop/testlib/xxxxx2/output/result_1.mp4
2025-01-26 19:40:49,617 - /Users/joyy/Desktop/ResTool/tiktok-tools/tiktok_publish_video.py:75 - INFO: 正在上传视频：/Users/joyy/Desktop/testlib/xxxxx2/output/result_1.mp4
2025-01-26 19:40:51,670 - /Users/joyy/Desktop/ResTool/tiktok-tools/tiktok_publish_video.py:75 - INFO: 正在上传视频：/Users/joyy/Desktop/testlib/xxxxx2/output/result_1.mp4
2025-01-26 19:40:53,710 - /Users/joyy/Desktop/ResTool/tiktok-tools/tiktok_publish_video.py:75 - INFO: 正在上传视频：/Users/joyy/Desktop/testlib/xxxxx2/output/result_1.mp4
2025-01-26 19:40:55,743 - /Users/joyy/Desktop/ResTool/tiktok-tools/tiktok_publish_video.py:75 - INFO: 正在上传视频：/Users/joyy/Desktop/testlib/xxxxx2/output/result_1.mp4
2025-01-26 19:40:57,781 - /Users/joyy/Desktop/ResTool/tiktok-tools/tiktok_publish_video.py:75 - INFO: 正在上传视频：/Users/joyy/Desktop/testlib/xxxxx2/output/result_1.mp4
2025-01-26 19:40:59,840 - /Users/joyy/Desktop/ResTool/tiktok-tools/tiktok_publish_video.py:75 - INFO: 正在上传视频：/Users/joyy/Desktop/testlib/xxxxx2/output/result_1.mp4
2025-01-26 19:41:01,890 - /Users/joyy/Desktop/ResTool/tiktok-tools/tiktok_publish_video.py:75 - INFO: 正在上传视频：/Users/joyy/Desktop/testlib/xxxxx2/output/result_1.mp4
2025-01-26 19:41:03,936 - /Users/joyy/Desktop/ResTool/tiktok-tools/tiktok_publish_video.py:75 - INFO: 正在上传视频：/Users/joyy/Desktop/testlib/xxxxx2/output/result_1.mp4
2025-01-26 19:41:05,989 - /Users/joyy/Desktop/ResTool/tiktok-tools/tiktok_publish_video.py:75 - INFO: 正在上传视频：/Users/joyy/Desktop/testlib/xxxxx2/output/result_1.mp4
2025-01-26 19:41:08,034 - /Users/joyy/Desktop/ResTool/tiktok-tools/tiktok_publish_video.py:75 - INFO: 正在上传视频：/Users/joyy/Desktop/testlib/xxxxx2/output/result_1.mp4
2025-01-26 19:41:10,105 - /Users/joyy/Desktop/ResTool/tiktok-tools/tiktok_publish_video.py:75 - INFO: 正在上传视频：/Users/joyy/Desktop/testlib/xxxxx2/output/result_1.mp4
2025-01-26 19:41:12,160 - /Users/joyy/Desktop/ResTool/tiktok-tools/tiktok_publish_video.py:75 - INFO: 正在上传视频：/Users/joyy/Desktop/testlib/xxxxx2/output/result_1.mp4
2025-01-26 19:41:14,217 - /Users/joyy/Desktop/ResTool/tiktok-tools/tiktok_publish_video.py:75 - INFO: 正在上传视频：/Users/joyy/Desktop/testlib/xxxxx2/output/result_1.mp4
2025-01-26 19:41:14,295 - /Users/joyy/Desktop/ResTool/tiktok-tools/start.py:54 - INFO: 上传视频成功
2025-01-26 19:41:54,772 - /Users/joyy/Desktop/ResTool/bit_api.py:21 - INFO: 关闭browser:{'success': True, 'data': '操作成功'}
2025-01-26 19:42:03,670 - /Users/joyy/Desktop/ResTool/bit_api.py:14 - INFO: 打开browser:{'success': True, 'data': {'ws': 'ws://127.0.0.1:63360/devtools/browser/c43b15c7-dbfe-4d10-8cfc-068a0edb2b53', 'http': '127.0.0.1:63360', 'coreVersion': '112', 'driver': '/Users/joyy/Library/Application Support/BitBrowser/chromedriver/112-arm/chromedriver', 'seq': 1281, 'name': 'tiktok测试2', 'remark': 'eden_cc0088', 'groupId': '2c9bc058900bfc07019010afee9464f2', 'pid': 43434}}
2025-01-26 19:42:03,671 - /Users/joyy/Desktop/ResTool/tiktok-tools/chrome_utils.py:43 - INFO: /Users/joyy/Library/Application Support/BitBrowser/chromedriver/112-arm/chromedriver
2025-01-26 19:42:03,671 - /Users/joyy/Desktop/ResTool/tiktok-tools/chrome_utils.py:44 - INFO: 127.0.0.1:63360
2025-01-26 19:42:08,049 - /Users/joyy/Desktop/ResTool/tiktok-tools/start.py:45 - INFO: 进入视频发布页面
2025-01-26 19:42:08,050 - /Users/joyy/Desktop/ResTool/tiktok-tools/driver_utils.py:28 - INFO: 打开:https://www.tiktok.com/tiktokstudio/upload?from=upload
2025-01-26 19:42:22,948 - /Users/joyy/Desktop/ResTool/tiktok-tools/driver_utils.py:30 - INFO: 打开成功:https://www.tiktok.com/tiktokstudio/upload?from=upload,TikTok Studio
2025-01-26 19:42:34,064 - /Users/joyy/Desktop/ResTool/tiktok-tools/tiktok_publish_video.py:57 - INFO: 开始上传视频：/Users/joyy/Desktop/testlib/xxxxx2/output/result_2.mp4
2025-01-26 19:42:39,144 - /Users/joyy/Desktop/ResTool/tiktok-tools/tiktok_publish_video.py:75 - INFO: 正在上传视频：/Users/joyy/Desktop/testlib/xxxxx2/output/result_2.mp4
2025-01-26 19:42:41,196 - /Users/joyy/Desktop/ResTool/tiktok-tools/tiktok_publish_video.py:75 - INFO: 正在上传视频：/Users/joyy/Desktop/testlib/xxxxx2/output/result_2.mp4
2025-01-26 19:42:43,238 - /Users/joyy/Desktop/ResTool/tiktok-tools/tiktok_publish_video.py:75 - INFO: 正在上传视频：/Users/joyy/Desktop/testlib/xxxxx2/output/result_2.mp4
2025-01-26 19:42:45,289 - /Users/joyy/Desktop/ResTool/tiktok-tools/tiktok_publish_video.py:75 - INFO: 正在上传视频：/Users/joyy/Desktop/testlib/xxxxx2/output/result_2.mp4
2025-01-26 19:42:47,310 - /Users/joyy/Desktop/ResTool/tiktok-tools/tiktok_publish_video.py:75 - INFO: 正在上传视频：/Users/joyy/Desktop/testlib/xxxxx2/output/result_2.mp4
2025-01-26 19:42:49,341 - /Users/joyy/Desktop/ResTool/tiktok-tools/tiktok_publish_video.py:75 - INFO: 正在上传视频：/Users/joyy/Desktop/testlib/xxxxx2/output/result_2.mp4
2025-01-26 19:42:51,389 - /Users/joyy/Desktop/ResTool/tiktok-tools/tiktok_publish_video.py:75 - INFO: 正在上传视频：/Users/joyy/Desktop/testlib/xxxxx2/output/result_2.mp4
2025-01-26 19:42:53,419 - /Users/joyy/Desktop/ResTool/tiktok-tools/tiktok_publish_video.py:75 - INFO: 正在上传视频：/Users/joyy/Desktop/testlib/xxxxx2/output/result_2.mp4
2025-01-26 19:42:53,546 - /Users/joyy/Desktop/ResTool/tiktok-tools/start.py:54 - INFO: 上传视频成功
2025-01-26 19:43:36,513 - /Users/joyy/Desktop/ResTool/bit_api.py:21 - INFO: 关闭browser:{'success': True, 'data': '操作成功'}
2025-01-26 19:43:45,003 - /Users/joyy/Desktop/ResTool/bit_api.py:14 - INFO: 打开browser:{'success': True, 'data': {'ws': 'ws://127.0.0.1:63892/devtools/browser/9219d932-b23e-4554-bfe3-d741e5f9278b', 'http': '127.0.0.1:63892', 'coreVersion': '112', 'driver': '/Users/joyy/Library/Application Support/BitBrowser/chromedriver/112-arm/chromedriver', 'seq': 1281, 'name': 'tiktok测试2', 'remark': 'eden_cc0088', 'groupId': '2c9bc058900bfc07019010afee9464f2', 'pid': 43524}}
2025-01-26 19:43:45,003 - /Users/joyy/Desktop/ResTool/tiktok-tools/chrome_utils.py:43 - INFO: /Users/joyy/Library/Application Support/BitBrowser/chromedriver/112-arm/chromedriver
2025-01-26 19:43:45,003 - /Users/joyy/Desktop/ResTool/tiktok-tools/chrome_utils.py:44 - INFO: 127.0.0.1:63892
2025-01-26 19:43:48,640 - /Users/joyy/Desktop/ResTool/tiktok-tools/start.py:45 - INFO: 进入视频发布页面
2025-01-26 19:43:48,640 - /Users/joyy/Desktop/ResTool/tiktok-tools/driver_utils.py:28 - INFO: 打开:https://www.tiktok.com/tiktokstudio/upload?from=upload
2025-01-26 19:43:49,222 - /Users/joyy/Desktop/ResTool/tiktok-tools/driver_utils.py:30 - INFO: 打开成功:https://www.tiktok.com/tiktokstudio/upload?from=upload,TikTok Studio
2025-01-26 19:44:00,335 - /Users/joyy/Desktop/ResTool/tiktok-tools/tiktok_publish_video.py:57 - INFO: 开始上传视频：/Users/joyy/Desktop/testlib/xxxxx2/output/result_3.mp4
2025-01-26 19:44:05,459 - /Users/joyy/Desktop/ResTool/tiktok-tools/tiktok_publish_video.py:75 - INFO: 正在上传视频：/Users/joyy/Desktop/testlib/xxxxx2/output/result_3.mp4
2025-01-26 19:44:07,490 - /Users/joyy/Desktop/ResTool/tiktok-tools/tiktok_publish_video.py:75 - INFO: 正在上传视频：/Users/joyy/Desktop/testlib/xxxxx2/output/result_3.mp4
2025-01-26 19:44:09,548 - /Users/joyy/Desktop/ResTool/tiktok-tools/tiktok_publish_video.py:75 - INFO: 正在上传视频：/Users/joyy/Desktop/testlib/xxxxx2/output/result_3.mp4
2025-01-26 19:44:11,611 - /Users/joyy/Desktop/ResTool/tiktok-tools/tiktok_publish_video.py:75 - INFO: 正在上传视频：/Users/joyy/Desktop/testlib/xxxxx2/output/result_3.mp4
2025-01-26 19:44:13,660 - /Users/joyy/Desktop/ResTool/tiktok-tools/tiktok_publish_video.py:75 - INFO: 正在上传视频：/Users/joyy/Desktop/testlib/xxxxx2/output/result_3.mp4
2025-01-26 19:44:15,704 - /Users/joyy/Desktop/ResTool/tiktok-tools/tiktok_publish_video.py:75 - INFO: 正在上传视频：/Users/joyy/Desktop/testlib/xxxxx2/output/result_3.mp4
2025-01-26 19:44:17,743 - /Users/joyy/Desktop/ResTool/tiktok-tools/tiktok_publish_video.py:75 - INFO: 正在上传视频：/Users/joyy/Desktop/testlib/xxxxx2/output/result_3.mp4
2025-01-26 19:44:19,775 - /Users/joyy/Desktop/ResTool/tiktok-tools/tiktok_publish_video.py:75 - INFO: 正在上传视频：/Users/joyy/Desktop/testlib/xxxxx2/output/result_3.mp4
2025-01-26 19:44:21,817 - /Users/joyy/Desktop/ResTool/tiktok-tools/tiktok_publish_video.py:75 - INFO: 正在上传视频：/Users/joyy/Desktop/testlib/xxxxx2/output/result_3.mp4
2025-01-26 19:44:23,861 - /Users/joyy/Desktop/ResTool/tiktok-tools/tiktok_publish_video.py:75 - INFO: 正在上传视频：/Users/joyy/Desktop/testlib/xxxxx2/output/result_3.mp4
2025-01-26 19:44:25,902 - /Users/joyy/Desktop/ResTool/tiktok-tools/tiktok_publish_video.py:75 - INFO: 正在上传视频：/Users/joyy/Desktop/testlib/xxxxx2/output/result_3.mp4
2025-01-26 19:44:27,958 - /Users/joyy/Desktop/ResTool/tiktok-tools/tiktok_publish_video.py:75 - INFO: 正在上传视频：/Users/joyy/Desktop/testlib/xxxxx2/output/result_3.mp4
2025-01-26 19:44:29,992 - /Users/joyy/Desktop/ResTool/tiktok-tools/tiktok_publish_video.py:75 - INFO: 正在上传视频：/Users/joyy/Desktop/testlib/xxxxx2/output/result_3.mp4
2025-01-26 19:44:32,050 - /Users/joyy/Desktop/ResTool/tiktok-tools/tiktok_publish_video.py:75 - INFO: 正在上传视频：/Users/joyy/Desktop/testlib/xxxxx2/output/result_3.mp4
2025-01-26 19:44:34,101 - /Users/joyy/Desktop/ResTool/tiktok-tools/tiktok_publish_video.py:75 - INFO: 正在上传视频：/Users/joyy/Desktop/testlib/xxxxx2/output/result_3.mp4
2025-01-26 19:44:36,166 - /Users/joyy/Desktop/ResTool/tiktok-tools/tiktok_publish_video.py:75 - INFO: 正在上传视频：/Users/joyy/Desktop/testlib/xxxxx2/output/result_3.mp4
2025-01-26 19:44:38,235 - /Users/joyy/Desktop/ResTool/tiktok-tools/tiktok_publish_video.py:75 - INFO: 正在上传视频：/Users/joyy/Desktop/testlib/xxxxx2/output/result_3.mp4
2025-01-26 19:44:40,291 - /Users/joyy/Desktop/ResTool/tiktok-tools/tiktok_publish_video.py:75 - INFO: 正在上传视频：/Users/joyy/Desktop/testlib/xxxxx2/output/result_3.mp4
2025-01-26 19:44:42,337 - /Users/joyy/Desktop/ResTool/tiktok-tools/tiktok_publish_video.py:75 - INFO: 正在上传视频：/Users/joyy/Desktop/testlib/xxxxx2/output/result_3.mp4
2025-01-26 19:44:44,393 - /Users/joyy/Desktop/ResTool/tiktok-tools/tiktok_publish_video.py:75 - INFO: 正在上传视频：/Users/joyy/Desktop/testlib/xxxxx2/output/result_3.mp4
2025-01-26 19:44:46,452 - /Users/joyy/Desktop/ResTool/tiktok-tools/tiktok_publish_video.py:75 - INFO: 正在上传视频：/Users/joyy/Desktop/testlib/xxxxx2/output/result_3.mp4
2025-01-26 19:44:48,485 - /Users/joyy/Desktop/ResTool/tiktok-tools/tiktok_publish_video.py:75 - INFO: 正在上传视频：/Users/joyy/Desktop/testlib/xxxxx2/output/result_3.mp4
2025-01-26 19:44:50,544 - /Users/joyy/Desktop/ResTool/tiktok-tools/tiktok_publish_video.py:75 - INFO: 正在上传视频：/Users/joyy/Desktop/testlib/xxxxx2/output/result_3.mp4
2025-01-26 19:44:52,597 - /Users/joyy/Desktop/ResTool/tiktok-tools/tiktok_publish_video.py:75 - INFO: 正在上传视频：/Users/joyy/Desktop/testlib/xxxxx2/output/result_3.mp4
2025-01-26 19:44:54,656 - /Users/joyy/Desktop/ResTool/tiktok-tools/tiktok_publish_video.py:75 - INFO: 正在上传视频：/Users/joyy/Desktop/testlib/xxxxx2/output/result_3.mp4
2025-01-26 19:44:56,716 - /Users/joyy/Desktop/ResTool/tiktok-tools/tiktok_publish_video.py:75 - INFO: 正在上传视频：/Users/joyy/Desktop/testlib/xxxxx2/output/result_3.mp4
2025-01-26 19:44:58,777 - /Users/joyy/Desktop/ResTool/tiktok-tools/tiktok_publish_video.py:75 - INFO: 正在上传视频：/Users/joyy/Desktop/testlib/xxxxx2/output/result_3.mp4
2025-01-26 19:45:00,834 - /Users/joyy/Desktop/ResTool/tiktok-tools/tiktok_publish_video.py:75 - INFO: 正在上传视频：/Users/joyy/Desktop/testlib/xxxxx2/output/result_3.mp4
2025-01-26 19:45:02,896 - /Users/joyy/Desktop/ResTool/tiktok-tools/tiktok_publish_video.py:75 - INFO: 正在上传视频：/Users/joyy/Desktop/testlib/xxxxx2/output/result_3.mp4
2025-01-26 19:45:04,939 - /Users/joyy/Desktop/ResTool/tiktok-tools/tiktok_publish_video.py:75 - INFO: 正在上传视频：/Users/joyy/Desktop/testlib/xxxxx2/output/result_3.mp4
2025-01-26 19:45:06,977 - /Users/joyy/Desktop/ResTool/tiktok-tools/tiktok_publish_video.py:75 - INFO: 正在上传视频：/Users/joyy/Desktop/testlib/xxxxx2/output/result_3.mp4
2025-01-26 19:45:09,032 - /Users/joyy/Desktop/ResTool/tiktok-tools/tiktok_publish_video.py:75 - INFO: 正在上传视频：/Users/joyy/Desktop/testlib/xxxxx2/output/result_3.mp4
2025-01-26 19:45:11,075 - /Users/joyy/Desktop/ResTool/tiktok-tools/tiktok_publish_video.py:75 - INFO: 正在上传视频：/Users/joyy/Desktop/testlib/xxxxx2/output/result_3.mp4
2025-01-26 19:45:13,136 - /Users/joyy/Desktop/ResTool/tiktok-tools/tiktok_publish_video.py:75 - INFO: 正在上传视频：/Users/joyy/Desktop/testlib/xxxxx2/output/result_3.mp4
2025-01-26 19:45:15,198 - /Users/joyy/Desktop/ResTool/tiktok-tools/tiktok_publish_video.py:75 - INFO: 正在上传视频：/Users/joyy/Desktop/testlib/xxxxx2/output/result_3.mp4
2025-01-26 19:45:17,235 - /Users/joyy/Desktop/ResTool/tiktok-tools/tiktok_publish_video.py:75 - INFO: 正在上传视频：/Users/joyy/Desktop/testlib/xxxxx2/output/result_3.mp4
2025-01-26 19:45:19,301 - /Users/joyy/Desktop/ResTool/tiktok-tools/tiktok_publish_video.py:75 - INFO: 正在上传视频：/Users/joyy/Desktop/testlib/xxxxx2/output/result_3.mp4
2025-01-26 19:45:21,357 - /Users/joyy/Desktop/ResTool/tiktok-tools/tiktok_publish_video.py:75 - INFO: 正在上传视频：/Users/joyy/Desktop/testlib/xxxxx2/output/result_3.mp4
2025-01-26 19:45:23,425 - /Users/joyy/Desktop/ResTool/tiktok-tools/tiktok_publish_video.py:75 - INFO: 正在上传视频：/Users/joyy/Desktop/testlib/xxxxx2/output/result_3.mp4
2025-01-26 19:45:25,480 - /Users/joyy/Desktop/ResTool/tiktok-tools/tiktok_publish_video.py:75 - INFO: 正在上传视频：/Users/joyy/Desktop/testlib/xxxxx2/output/result_3.mp4
2025-01-26 19:45:27,519 - /Users/joyy/Desktop/ResTool/tiktok-tools/tiktok_publish_video.py:75 - INFO: 正在上传视频：/Users/joyy/Desktop/testlib/xxxxx2/output/result_3.mp4
2025-01-26 19:45:29,586 - /Users/joyy/Desktop/ResTool/tiktok-tools/tiktok_publish_video.py:75 - INFO: 正在上传视频：/Users/joyy/Desktop/testlib/xxxxx2/output/result_3.mp4
2025-01-26 19:45:31,650 - /Users/joyy/Desktop/ResTool/tiktok-tools/tiktok_publish_video.py:75 - INFO: 正在上传视频：/Users/joyy/Desktop/testlib/xxxxx2/output/result_3.mp4
2025-01-26 19:45:33,708 - /Users/joyy/Desktop/ResTool/tiktok-tools/tiktok_publish_video.py:75 - INFO: 正在上传视频：/Users/joyy/Desktop/testlib/xxxxx2/output/result_3.mp4
2025-01-26 19:45:35,776 - /Users/joyy/Desktop/ResTool/tiktok-tools/tiktok_publish_video.py:75 - INFO: 正在上传视频：/Users/joyy/Desktop/testlib/xxxxx2/output/result_3.mp4
2025-01-26 19:45:37,824 - /Users/joyy/Desktop/ResTool/tiktok-tools/tiktok_publish_video.py:75 - INFO: 正在上传视频：/Users/joyy/Desktop/testlib/xxxxx2/output/result_3.mp4
2025-01-26 19:45:39,906 - /Users/joyy/Desktop/ResTool/tiktok-tools/tiktok_publish_video.py:75 - INFO: 正在上传视频：/Users/joyy/Desktop/testlib/xxxxx2/output/result_3.mp4
2025-01-26 19:45:41,947 - /Users/joyy/Desktop/ResTool/tiktok-tools/tiktok_publish_video.py:75 - INFO: 正在上传视频：/Users/joyy/Desktop/testlib/xxxxx2/output/result_3.mp4
2025-01-26 19:45:44,012 - /Users/joyy/Desktop/ResTool/tiktok-tools/tiktok_publish_video.py:75 - INFO: 正在上传视频：/Users/joyy/Desktop/testlib/xxxxx2/output/result_3.mp4
2025-01-26 19:45:46,081 - /Users/joyy/Desktop/ResTool/tiktok-tools/tiktok_publish_video.py:75 - INFO: 正在上传视频：/Users/joyy/Desktop/testlib/xxxxx2/output/result_3.mp4
2025-01-26 19:45:48,139 - /Users/joyy/Desktop/ResTool/tiktok-tools/tiktok_publish_video.py:75 - INFO: 正在上传视频：/Users/joyy/Desktop/testlib/xxxxx2/output/result_3.mp4
2025-01-26 19:45:50,191 - /Users/joyy/Desktop/ResTool/tiktok-tools/tiktok_publish_video.py:75 - INFO: 正在上传视频：/Users/joyy/Desktop/testlib/xxxxx2/output/result_3.mp4
2025-01-26 19:45:52,255 - /Users/joyy/Desktop/ResTool/tiktok-tools/tiktok_publish_video.py:75 - INFO: 正在上传视频：/Users/joyy/Desktop/testlib/xxxxx2/output/result_3.mp4
2025-01-26 19:45:54,317 - /Users/joyy/Desktop/ResTool/tiktok-tools/tiktok_publish_video.py:75 - INFO: 正在上传视频：/Users/joyy/Desktop/testlib/xxxxx2/output/result_3.mp4
2025-01-26 19:45:56,375 - /Users/joyy/Desktop/ResTool/tiktok-tools/tiktok_publish_video.py:75 - INFO: 正在上传视频：/Users/joyy/Desktop/testlib/xxxxx2/output/result_3.mp4
2025-01-26 19:45:58,441 - /Users/joyy/Desktop/ResTool/tiktok-tools/tiktok_publish_video.py:75 - INFO: 正在上传视频：/Users/joyy/Desktop/testlib/xxxxx2/output/result_3.mp4
2025-01-26 19:46:00,505 - /Users/joyy/Desktop/ResTool/tiktok-tools/tiktok_publish_video.py:75 - INFO: 正在上传视频：/Users/joyy/Desktop/testlib/xxxxx2/output/result_3.mp4
2025-01-26 19:46:02,577 - /Users/joyy/Desktop/ResTool/tiktok-tools/tiktok_publish_video.py:75 - INFO: 正在上传视频：/Users/joyy/Desktop/testlib/xxxxx2/output/result_3.mp4
2025-01-26 19:46:04,625 - /Users/joyy/Desktop/ResTool/tiktok-tools/tiktok_publish_video.py:75 - INFO: 正在上传视频：/Users/joyy/Desktop/testlib/xxxxx2/output/result_3.mp4
2025-01-26 19:46:06,684 - /Users/joyy/Desktop/ResTool/tiktok-tools/tiktok_publish_video.py:75 - INFO: 正在上传视频：/Users/joyy/Desktop/testlib/xxxxx2/output/result_3.mp4
2025-01-26 19:46:08,740 - /Users/joyy/Desktop/ResTool/tiktok-tools/tiktok_publish_video.py:75 - INFO: 正在上传视频：/Users/joyy/Desktop/testlib/xxxxx2/output/result_3.mp4
2025-01-26 19:46:10,797 - /Users/joyy/Desktop/ResTool/tiktok-tools/tiktok_publish_video.py:75 - INFO: 正在上传视频：/Users/joyy/Desktop/testlib/xxxxx2/output/result_3.mp4
2025-01-26 19:46:12,854 - /Users/joyy/Desktop/ResTool/tiktok-tools/tiktok_publish_video.py:75 - INFO: 正在上传视频：/Users/joyy/Desktop/testlib/xxxxx2/output/result_3.mp4
2025-01-26 19:46:14,918 - /Users/joyy/Desktop/ResTool/tiktok-tools/tiktok_publish_video.py:75 - INFO: 正在上传视频：/Users/joyy/Desktop/testlib/xxxxx2/output/result_3.mp4
2025-01-26 19:46:16,964 - /Users/joyy/Desktop/ResTool/tiktok-tools/tiktok_publish_video.py:75 - INFO: 正在上传视频：/Users/joyy/Desktop/testlib/xxxxx2/output/result_3.mp4
2025-01-26 19:46:19,027 - /Users/joyy/Desktop/ResTool/tiktok-tools/tiktok_publish_video.py:75 - INFO: 正在上传视频：/Users/joyy/Desktop/testlib/xxxxx2/output/result_3.mp4
2025-01-26 19:46:21,087 - /Users/joyy/Desktop/ResTool/tiktok-tools/tiktok_publish_video.py:75 - INFO: 正在上传视频：/Users/joyy/Desktop/testlib/xxxxx2/output/result_3.mp4
2025-01-26 19:46:23,146 - /Users/joyy/Desktop/ResTool/tiktok-tools/tiktok_publish_video.py:75 - INFO: 正在上传视频：/Users/joyy/Desktop/testlib/xxxxx2/output/result_3.mp4
2025-01-26 19:46:25,200 - /Users/joyy/Desktop/ResTool/tiktok-tools/tiktok_publish_video.py:75 - INFO: 正在上传视频：/Users/joyy/Desktop/testlib/xxxxx2/output/result_3.mp4
2025-01-26 19:46:27,238 - /Users/joyy/Desktop/ResTool/tiktok-tools/tiktok_publish_video.py:75 - INFO: 正在上传视频：/Users/joyy/Desktop/testlib/xxxxx2/output/result_3.mp4
2025-01-26 19:46:29,297 - /Users/joyy/Desktop/ResTool/tiktok-tools/tiktok_publish_video.py:75 - INFO: 正在上传视频：/Users/joyy/Desktop/testlib/xxxxx2/output/result_3.mp4
2025-01-26 19:46:31,358 - /Users/joyy/Desktop/ResTool/tiktok-tools/tiktok_publish_video.py:75 - INFO: 正在上传视频：/Users/joyy/Desktop/testlib/xxxxx2/output/result_3.mp4
2025-01-26 19:46:33,419 - /Users/joyy/Desktop/ResTool/tiktok-tools/tiktok_publish_video.py:75 - INFO: 正在上传视频：/Users/joyy/Desktop/testlib/xxxxx2/output/result_3.mp4
2025-01-26 19:46:35,481 - /Users/joyy/Desktop/ResTool/tiktok-tools/tiktok_publish_video.py:75 - INFO: 正在上传视频：/Users/joyy/Desktop/testlib/xxxxx2/output/result_3.mp4
2025-01-26 19:46:37,518 - /Users/joyy/Desktop/ResTool/tiktok-tools/tiktok_publish_video.py:75 - INFO: 正在上传视频：/Users/joyy/Desktop/testlib/xxxxx2/output/result_3.mp4
2025-01-26 19:46:39,583 - /Users/joyy/Desktop/ResTool/tiktok-tools/tiktok_publish_video.py:75 - INFO: 正在上传视频：/Users/joyy/Desktop/testlib/xxxxx2/output/result_3.mp4
2025-01-26 19:46:41,649 - /Users/joyy/Desktop/ResTool/tiktok-tools/tiktok_publish_video.py:75 - INFO: 正在上传视频：/Users/joyy/Desktop/testlib/xxxxx2/output/result_3.mp4
2025-01-26 19:46:43,692 - /Users/joyy/Desktop/ResTool/tiktok-tools/tiktok_publish_video.py:75 - INFO: 正在上传视频：/Users/joyy/Desktop/testlib/xxxxx2/output/result_3.mp4
2025-01-26 19:46:45,759 - /Users/joyy/Desktop/ResTool/tiktok-tools/tiktok_publish_video.py:75 - INFO: 正在上传视频：/Users/joyy/Desktop/testlib/xxxxx2/output/result_3.mp4
2025-01-26 19:46:47,826 - /Users/joyy/Desktop/ResTool/tiktok-tools/tiktok_publish_video.py:75 - INFO: 正在上传视频：/Users/joyy/Desktop/testlib/xxxxx2/output/result_3.mp4
2025-01-26 19:46:49,877 - /Users/joyy/Desktop/ResTool/tiktok-tools/tiktok_publish_video.py:75 - INFO: 正在上传视频：/Users/joyy/Desktop/testlib/xxxxx2/output/result_3.mp4
2025-01-26 19:46:51,945 - /Users/joyy/Desktop/ResTool/tiktok-tools/tiktok_publish_video.py:75 - INFO: 正在上传视频：/Users/joyy/Desktop/testlib/xxxxx2/output/result_3.mp4
2025-01-26 19:46:54,005 - /Users/joyy/Desktop/ResTool/tiktok-tools/tiktok_publish_video.py:75 - INFO: 正在上传视频：/Users/joyy/Desktop/testlib/xxxxx2/output/result_3.mp4
2025-01-26 19:46:56,055 - /Users/joyy/Desktop/ResTool/tiktok-tools/tiktok_publish_video.py:75 - INFO: 正在上传视频：/Users/joyy/Desktop/testlib/xxxxx2/output/result_3.mp4
2025-01-26 19:46:58,093 - /Users/joyy/Desktop/ResTool/tiktok-tools/tiktok_publish_video.py:75 - INFO: 正在上传视频：/Users/joyy/Desktop/testlib/xxxxx2/output/result_3.mp4
2025-01-26 19:47:00,149 - /Users/joyy/Desktop/ResTool/tiktok-tools/tiktok_publish_video.py:75 - INFO: 正在上传视频：/Users/joyy/Desktop/testlib/xxxxx2/output/result_3.mp4
2025-01-26 19:47:02,193 - /Users/joyy/Desktop/ResTool/tiktok-tools/tiktok_publish_video.py:75 - INFO: 正在上传视频：/Users/joyy/Desktop/testlib/xxxxx2/output/result_3.mp4
2025-01-26 19:47:04,256 - /Users/joyy/Desktop/ResTool/tiktok-tools/tiktok_publish_video.py:75 - INFO: 正在上传视频：/Users/joyy/Desktop/testlib/xxxxx2/output/result_3.mp4
2025-01-26 19:47:06,308 - /Users/joyy/Desktop/ResTool/tiktok-tools/tiktok_publish_video.py:75 - INFO: 正在上传视频：/Users/joyy/Desktop/testlib/xxxxx2/output/result_3.mp4
2025-01-26 19:47:08,367 - /Users/joyy/Desktop/ResTool/tiktok-tools/tiktok_publish_video.py:75 - INFO: 正在上传视频：/Users/joyy/Desktop/testlib/xxxxx2/output/result_3.mp4
2025-01-26 19:47:10,428 - /Users/joyy/Desktop/ResTool/tiktok-tools/tiktok_publish_video.py:75 - INFO: 正在上传视频：/Users/joyy/Desktop/testlib/xxxxx2/output/result_3.mp4
2025-01-26 19:47:12,482 - /Users/joyy/Desktop/ResTool/tiktok-tools/tiktok_publish_video.py:75 - INFO: 正在上传视频：/Users/joyy/Desktop/testlib/xxxxx2/output/result_3.mp4
2025-01-26 19:47:14,520 - /Users/joyy/Desktop/ResTool/tiktok-tools/tiktok_publish_video.py:75 - INFO: 正在上传视频：/Users/joyy/Desktop/testlib/xxxxx2/output/result_3.mp4
2025-01-26 19:47:16,581 - /Users/joyy/Desktop/ResTool/tiktok-tools/tiktok_publish_video.py:75 - INFO: 正在上传视频：/Users/joyy/Desktop/testlib/xxxxx2/output/result_3.mp4
2025-01-26 19:47:18,620 - /Users/joyy/Desktop/ResTool/tiktok-tools/tiktok_publish_video.py:75 - INFO: 正在上传视频：/Users/joyy/Desktop/testlib/xxxxx2/output/result_3.mp4
2025-01-26 19:47:20,678 - /Users/joyy/Desktop/ResTool/tiktok-tools/tiktok_publish_video.py:75 - INFO: 正在上传视频：/Users/joyy/Desktop/testlib/xxxxx2/output/result_3.mp4
2025-01-26 19:47:22,735 - /Users/joyy/Desktop/ResTool/tiktok-tools/tiktok_publish_video.py:75 - INFO: 正在上传视频：/Users/joyy/Desktop/testlib/xxxxx2/output/result_3.mp4
2025-01-26 19:47:24,792 - /Users/joyy/Desktop/ResTool/tiktok-tools/tiktok_publish_video.py:75 - INFO: 正在上传视频：/Users/joyy/Desktop/testlib/xxxxx2/output/result_3.mp4
2025-01-26 19:47:26,851 - /Users/joyy/Desktop/ResTool/tiktok-tools/tiktok_publish_video.py:75 - INFO: 正在上传视频：/Users/joyy/Desktop/testlib/xxxxx2/output/result_3.mp4
2025-01-26 19:47:28,909 - /Users/joyy/Desktop/ResTool/tiktok-tools/tiktok_publish_video.py:75 - INFO: 正在上传视频：/Users/joyy/Desktop/testlib/xxxxx2/output/result_3.mp4
2025-01-26 19:47:30,964 - /Users/joyy/Desktop/ResTool/tiktok-tools/tiktok_publish_video.py:75 - INFO: 正在上传视频：/Users/joyy/Desktop/testlib/xxxxx2/output/result_3.mp4
2025-01-26 19:47:33,030 - /Users/joyy/Desktop/ResTool/tiktok-tools/tiktok_publish_video.py:75 - INFO: 正在上传视频：/Users/joyy/Desktop/testlib/xxxxx2/output/result_3.mp4
2025-01-26 19:47:35,084 - /Users/joyy/Desktop/ResTool/tiktok-tools/tiktok_publish_video.py:75 - INFO: 正在上传视频：/Users/joyy/Desktop/testlib/xxxxx2/output/result_3.mp4
2025-01-26 19:47:37,115 - /Users/joyy/Desktop/ResTool/tiktok-tools/tiktok_publish_video.py:75 - INFO: 正在上传视频：/Users/joyy/Desktop/testlib/xxxxx2/output/result_3.mp4
2025-01-26 19:47:39,169 - /Users/joyy/Desktop/ResTool/tiktok-tools/tiktok_publish_video.py:75 - INFO: 正在上传视频：/Users/joyy/Desktop/testlib/xxxxx2/output/result_3.mp4
2025-01-26 19:47:41,224 - /Users/joyy/Desktop/ResTool/tiktok-tools/tiktok_publish_video.py:75 - INFO: 正在上传视频：/Users/joyy/Desktop/testlib/xxxxx2/output/result_3.mp4
2025-01-26 19:47:43,284 - /Users/joyy/Desktop/ResTool/tiktok-tools/tiktok_publish_video.py:75 - INFO: 正在上传视频：/Users/joyy/Desktop/testlib/xxxxx2/output/result_3.mp4
2025-01-26 19:47:45,318 - /Users/joyy/Desktop/ResTool/tiktok-tools/tiktok_publish_video.py:75 - INFO: 正在上传视频：/Users/joyy/Desktop/testlib/xxxxx2/output/result_3.mp4
2025-01-26 19:47:47,352 - /Users/joyy/Desktop/ResTool/tiktok-tools/tiktok_publish_video.py:75 - INFO: 正在上传视频：/Users/joyy/Desktop/testlib/xxxxx2/output/result_3.mp4
2025-01-26 19:47:49,409 - /Users/joyy/Desktop/ResTool/tiktok-tools/tiktok_publish_video.py:75 - INFO: 正在上传视频：/Users/joyy/Desktop/testlib/xxxxx2/output/result_3.mp4
2025-01-26 19:47:51,465 - /Users/joyy/Desktop/ResTool/tiktok-tools/tiktok_publish_video.py:75 - INFO: 正在上传视频：/Users/joyy/Desktop/testlib/xxxxx2/output/result_3.mp4
2025-01-26 19:47:53,528 - /Users/joyy/Desktop/ResTool/tiktok-tools/tiktok_publish_video.py:75 - INFO: 正在上传视频：/Users/joyy/Desktop/testlib/xxxxx2/output/result_3.mp4
2025-01-26 19:47:55,569 - /Users/joyy/Desktop/ResTool/tiktok-tools/tiktok_publish_video.py:75 - INFO: 正在上传视频：/Users/joyy/Desktop/testlib/xxxxx2/output/result_3.mp4
2025-01-26 19:47:57,594 - /Users/joyy/Desktop/ResTool/tiktok-tools/tiktok_publish_video.py:75 - INFO: 正在上传视频：/Users/joyy/Desktop/testlib/xxxxx2/output/result_3.mp4
2025-01-26 19:47:59,648 - /Users/joyy/Desktop/ResTool/tiktok-tools/tiktok_publish_video.py:75 - INFO: 正在上传视频：/Users/joyy/Desktop/testlib/xxxxx2/output/result_3.mp4
2025-01-26 19:48:01,703 - /Users/joyy/Desktop/ResTool/tiktok-tools/tiktok_publish_video.py:75 - INFO: 正在上传视频：/Users/joyy/Desktop/testlib/xxxxx2/output/result_3.mp4
2025-01-26 19:48:03,737 - /Users/joyy/Desktop/ResTool/tiktok-tools/tiktok_publish_video.py:75 - INFO: 正在上传视频：/Users/joyy/Desktop/testlib/xxxxx2/output/result_3.mp4
2025-01-26 19:48:05,795 - /Users/joyy/Desktop/ResTool/tiktok-tools/tiktok_publish_video.py:75 - INFO: 正在上传视频：/Users/joyy/Desktop/testlib/xxxxx2/output/result_3.mp4
2025-01-26 19:48:07,858 - /Users/joyy/Desktop/ResTool/tiktok-tools/tiktok_publish_video.py:75 - INFO: 正在上传视频：/Users/joyy/Desktop/testlib/xxxxx2/output/result_3.mp4
2025-01-26 19:48:09,920 - /Users/joyy/Desktop/ResTool/tiktok-tools/tiktok_publish_video.py:75 - INFO: 正在上传视频：/Users/joyy/Desktop/testlib/xxxxx2/output/result_3.mp4
2025-01-26 19:48:11,978 - /Users/joyy/Desktop/ResTool/tiktok-tools/tiktok_publish_video.py:75 - INFO: 正在上传视频：/Users/joyy/Desktop/testlib/xxxxx2/output/result_3.mp4
2025-01-26 19:48:14,024 - /Users/joyy/Desktop/ResTool/tiktok-tools/tiktok_publish_video.py:75 - INFO: 正在上传视频：/Users/joyy/Desktop/testlib/xxxxx2/output/result_3.mp4
2025-01-26 19:48:16,082 - /Users/joyy/Desktop/ResTool/tiktok-tools/tiktok_publish_video.py:75 - INFO: 正在上传视频：/Users/joyy/Desktop/testlib/xxxxx2/output/result_3.mp4
2025-01-26 19:48:18,136 - /Users/joyy/Desktop/ResTool/tiktok-tools/tiktok_publish_video.py:75 - INFO: 正在上传视频：/Users/joyy/Desktop/testlib/xxxxx2/output/result_3.mp4
2025-01-26 19:48:20,187 - /Users/joyy/Desktop/ResTool/tiktok-tools/tiktok_publish_video.py:75 - INFO: 正在上传视频：/Users/joyy/Desktop/testlib/xxxxx2/output/result_3.mp4
2025-01-26 19:48:22,244 - /Users/joyy/Desktop/ResTool/tiktok-tools/tiktok_publish_video.py:75 - INFO: 正在上传视频：/Users/joyy/Desktop/testlib/xxxxx2/output/result_3.mp4
2025-01-26 19:48:24,300 - /Users/joyy/Desktop/ResTool/tiktok-tools/tiktok_publish_video.py:75 - INFO: 正在上传视频：/Users/joyy/Desktop/testlib/xxxxx2/output/result_3.mp4
2025-01-26 19:48:26,357 - /Users/joyy/Desktop/ResTool/tiktok-tools/tiktok_publish_video.py:75 - INFO: 正在上传视频：/Users/joyy/Desktop/testlib/xxxxx2/output/result_3.mp4
2025-01-26 19:48:28,411 - /Users/joyy/Desktop/ResTool/tiktok-tools/tiktok_publish_video.py:75 - INFO: 正在上传视频：/Users/joyy/Desktop/testlib/xxxxx2/output/result_3.mp4
2025-01-26 19:48:30,469 - /Users/joyy/Desktop/ResTool/tiktok-tools/tiktok_publish_video.py:75 - INFO: 正在上传视频：/Users/joyy/Desktop/testlib/xxxxx2/output/result_3.mp4
2025-01-26 19:48:32,515 - /Users/joyy/Desktop/ResTool/tiktok-tools/tiktok_publish_video.py:75 - INFO: 正在上传视频：/Users/joyy/Desktop/testlib/xxxxx2/output/result_3.mp4
2025-01-26 19:48:34,553 - /Users/joyy/Desktop/ResTool/tiktok-tools/tiktok_publish_video.py:75 - INFO: 正在上传视频：/Users/joyy/Desktop/testlib/xxxxx2/output/result_3.mp4
2025-01-26 19:48:36,608 - /Users/joyy/Desktop/ResTool/tiktok-tools/tiktok_publish_video.py:75 - INFO: 正在上传视频：/Users/joyy/Desktop/testlib/xxxxx2/output/result_3.mp4
2025-01-26 19:48:38,656 - /Users/joyy/Desktop/ResTool/tiktok-tools/tiktok_publish_video.py:75 - INFO: 正在上传视频：/Users/joyy/Desktop/testlib/xxxxx2/output/result_3.mp4
2025-01-26 19:48:40,715 - /Users/joyy/Desktop/ResTool/tiktok-tools/tiktok_publish_video.py:75 - INFO: 正在上传视频：/Users/joyy/Desktop/testlib/xxxxx2/output/result_3.mp4
2025-01-26 19:48:42,769 - /Users/joyy/Desktop/ResTool/tiktok-tools/tiktok_publish_video.py:75 - INFO: 正在上传视频：/Users/joyy/Desktop/testlib/xxxxx2/output/result_3.mp4
2025-01-26 19:48:44,830 - /Users/joyy/Desktop/ResTool/tiktok-tools/tiktok_publish_video.py:75 - INFO: 正在上传视频：/Users/joyy/Desktop/testlib/xxxxx2/output/result_3.mp4
2025-01-26 19:48:46,895 - /Users/joyy/Desktop/ResTool/tiktok-tools/tiktok_publish_video.py:75 - INFO: 正在上传视频：/Users/joyy/Desktop/testlib/xxxxx2/output/result_3.mp4
2025-01-26 19:48:48,952 - /Users/joyy/Desktop/ResTool/tiktok-tools/tiktok_publish_video.py:75 - INFO: 正在上传视频：/Users/joyy/Desktop/testlib/xxxxx2/output/result_3.mp4
2025-01-26 19:48:51,005 - /Users/joyy/Desktop/ResTool/tiktok-tools/tiktok_publish_video.py:75 - INFO: 正在上传视频：/Users/joyy/Desktop/testlib/xxxxx2/output/result_3.mp4
2025-01-26 19:48:53,053 - /Users/joyy/Desktop/ResTool/tiktok-tools/tiktok_publish_video.py:75 - INFO: 正在上传视频：/Users/joyy/Desktop/testlib/xxxxx2/output/result_3.mp4
2025-01-26 19:48:55,114 - /Users/joyy/Desktop/ResTool/tiktok-tools/tiktok_publish_video.py:75 - INFO: 正在上传视频：/Users/joyy/Desktop/testlib/xxxxx2/output/result_3.mp4
2025-01-26 19:48:57,152 - /Users/joyy/Desktop/ResTool/tiktok-tools/tiktok_publish_video.py:75 - INFO: 正在上传视频：/Users/joyy/Desktop/testlib/xxxxx2/output/result_3.mp4
2025-01-26 19:48:59,207 - /Users/joyy/Desktop/ResTool/tiktok-tools/tiktok_publish_video.py:75 - INFO: 正在上传视频：/Users/joyy/Desktop/testlib/xxxxx2/output/result_3.mp4
2025-01-26 19:49:01,257 - /Users/joyy/Desktop/ResTool/tiktok-tools/tiktok_publish_video.py:75 - INFO: 正在上传视频：/Users/joyy/Desktop/testlib/xxxxx2/output/result_3.mp4
2025-01-26 19:49:03,313 - /Users/joyy/Desktop/ResTool/tiktok-tools/tiktok_publish_video.py:75 - INFO: 正在上传视频：/Users/joyy/Desktop/testlib/xxxxx2/output/result_3.mp4
2025-01-26 19:49:05,380 - /Users/joyy/Desktop/ResTool/tiktok-tools/tiktok_publish_video.py:75 - INFO: 正在上传视频：/Users/joyy/Desktop/testlib/xxxxx2/output/result_3.mp4
2025-01-26 19:49:24,367 - /Users/joyy/Desktop/ResTool/tiktok-tools/start.py:54 - INFO: 上传视频成功
2025-01-26 19:50:05,614 - /Users/joyy/Desktop/ResTool/bit_api.py:21 - INFO: 关闭browser:{'success': True, 'data': '操作成功'}
