2025-01-23 18:24:51,150 - /Users/joyy/Desktop/ResTool/tiktok-tools/bit_api.py:14 - INFO: 打开browser:{'success': True, 'data': {'ws': 'ws://127.0.0.1:65306/devtools/browser/2548d1d9-a722-4661-ad78-62b39c010a4f', 'http': '127.0.0.1:65306', 'coreVersion': '112', 'driver': '/Users/joyy/Library/Application Support/BitBrowser/chromedriver/112-arm/chromedriver', 'seq': 1281, 'name': 'tiktok测试2', 'remark': 'eden_cc0088', 'groupId': '2c9bc058900bfc07019010afee9464f2', 'pid': 59259}}
2025-01-23 18:24:51,151 - /Users/joyy/Desktop/ResTool/tiktok-tools/chrome_utils.py:40 - INFO: /Users/joyy/Library/Application Support/BitBrowser/chromedriver/112-arm/chromedriver
2025-01-23 18:24:51,151 - /Users/joyy/Desktop/ResTool/tiktok-tools/chrome_utils.py:41 - INFO: 127.0.0.1:65306
2025-01-23 18:30:56,703 - /Users/joyy/Desktop/ResTool/tiktok-tools/bit_api.py:14 - INFO: 打开browser:{'success': True, 'data': {'ws': 'ws://127.0.0.1:51322/devtools/browser/3140f8dc-45c8-45a8-b526-7d26d7fb5509', 'http': '127.0.0.1:51322', 'coreVersion': '112', 'driver': '/Users/joyy/Library/Application Support/BitBrowser/chromedriver/112-arm/chromedriver', 'seq': 1281, 'name': 'tiktok测试2', 'remark': 'eden_cc0088', 'groupId': '2c9bc058900bfc07019010afee9464f2', 'pid': 59671}}
2025-01-23 18:30:56,710 - /Users/joyy/Desktop/ResTool/tiktok-tools/chrome_utils.py:40 - INFO: /Users/joyy/Library/Application Support/BitBrowser/chromedriver/112-arm/chromedriver
2025-01-23 18:30:56,710 - /Users/joyy/Desktop/ResTool/tiktok-tools/chrome_utils.py:41 - INFO: 127.0.0.1:51322
2025-01-23 18:31:04,438 - /Users/joyy/Desktop/ResTool/tiktok-tools/start.py:45 - INFO: 进入视频发布页面
2025-01-23 18:31:04,439 - /Users/joyy/Desktop/ResTool/tiktok-tools/driver_utils.py:28 - INFO: 打开:https://www.tiktok.com/tiktokstudio/upload?from=upload
2025-01-23 18:31:05,578 - /Users/joyy/Desktop/ResTool/tiktok-tools/driver_utils.py:30 - INFO: 打开成功:https://www.tiktok.com/tiktokstudio/upload?from=upload,TikTok Studio
2025-01-23 18:31:16,767 - /Users/joyy/Desktop/ResTool/tiktok-tools/tiktok_publish_video.py:57 - INFO: 开始上传视频：/Users/joyy/Desktop/testlib/xxxxx2/output/result_1.mp4
2025-01-23 18:31:21,819 - /Users/joyy/Desktop/ResTool/tiktok-tools/tiktok_publish_video.py:75 - INFO: 正在上传视频：/Users/joyy/Desktop/testlib/xxxxx2/output/result_1.mp4
2025-01-23 18:31:23,876 - /Users/joyy/Desktop/ResTool/tiktok-tools/tiktok_publish_video.py:75 - INFO: 正在上传视频：/Users/joyy/Desktop/testlib/xxxxx2/output/result_1.mp4
2025-01-23 18:31:25,914 - /Users/joyy/Desktop/ResTool/tiktok-tools/tiktok_publish_video.py:75 - INFO: 正在上传视频：/Users/joyy/Desktop/testlib/xxxxx2/output/result_1.mp4
2025-01-23 18:31:27,979 - /Users/joyy/Desktop/ResTool/tiktok-tools/tiktok_publish_video.py:75 - INFO: 正在上传视频：/Users/joyy/Desktop/testlib/xxxxx2/output/result_1.mp4
2025-01-23 18:31:30,025 - /Users/joyy/Desktop/ResTool/tiktok-tools/tiktok_publish_video.py:75 - INFO: 正在上传视频：/Users/joyy/Desktop/testlib/xxxxx2/output/result_1.mp4
2025-01-23 18:31:32,059 - /Users/joyy/Desktop/ResTool/tiktok-tools/tiktok_publish_video.py:75 - INFO: 正在上传视频：/Users/joyy/Desktop/testlib/xxxxx2/output/result_1.mp4
2025-01-23 18:31:34,100 - /Users/joyy/Desktop/ResTool/tiktok-tools/tiktok_publish_video.py:75 - INFO: 正在上传视频：/Users/joyy/Desktop/testlib/xxxxx2/output/result_1.mp4
2025-01-23 18:31:34,141 - /Users/joyy/Desktop/ResTool/tiktok-tools/start.py:54 - INFO: 上传视频成功
2025-01-23 18:32:17,687 - /Users/joyy/Desktop/ResTool/tiktok-tools/bit_api.py:21 - INFO: 关闭browser:{'success': True, 'data': '操作成功'}
2025-01-23 18:32:28,706 - /Users/joyy/Desktop/ResTool/tiktok-tools/bit_api.py:14 - INFO: 打开browser:{'success': True, 'data': {'ws': 'ws://127.0.0.1:51869/devtools/browser/61010f0e-5ec9-4306-a3f5-90ff546b2a4d', 'http': '127.0.0.1:51869', 'coreVersion': '112', 'driver': '/Users/joyy/Library/Application Support/BitBrowser/chromedriver/112-arm/chromedriver', 'seq': 1281, 'name': 'tiktok测试2', 'remark': 'eden_cc0088', 'groupId': '2c9bc058900bfc07019010afee9464f2', 'pid': 59778}}
2025-01-23 18:32:28,707 - /Users/joyy/Desktop/ResTool/tiktok-tools/chrome_utils.py:40 - INFO: /Users/joyy/Library/Application Support/BitBrowser/chromedriver/112-arm/chromedriver
2025-01-23 18:32:28,707 - /Users/joyy/Desktop/ResTool/tiktok-tools/chrome_utils.py:41 - INFO: 127.0.0.1:51869
2025-01-23 18:32:36,971 - /Users/joyy/Desktop/ResTool/tiktok-tools/start.py:45 - INFO: 进入视频发布页面
2025-01-23 18:32:36,972 - /Users/joyy/Desktop/ResTool/tiktok-tools/driver_utils.py:28 - INFO: 打开:https://www.tiktok.com/tiktokstudio/upload?from=upload
2025-01-23 18:32:37,974 - /Users/joyy/Desktop/ResTool/tiktok-tools/driver_utils.py:30 - INFO: 打开成功:https://www.tiktok.com/tiktokstudio/upload?from=upload,TikTok Studio
2025-01-23 18:32:49,111 - /Users/joyy/Desktop/ResTool/tiktok-tools/tiktok_publish_video.py:57 - INFO: 开始上传视频：/Users/joyy/Desktop/testlib/xxxxx2/output/result_2.mp4
2025-01-23 18:32:54,161 - /Users/joyy/Desktop/ResTool/tiktok-tools/tiktok_publish_video.py:75 - INFO: 正在上传视频：/Users/joyy/Desktop/testlib/xxxxx2/output/result_2.mp4
2025-01-23 18:32:56,211 - /Users/joyy/Desktop/ResTool/tiktok-tools/tiktok_publish_video.py:75 - INFO: 正在上传视频：/Users/joyy/Desktop/testlib/xxxxx2/output/result_2.mp4
2025-01-23 18:32:58,286 - /Users/joyy/Desktop/ResTool/tiktok-tools/tiktok_publish_video.py:75 - INFO: 正在上传视频：/Users/joyy/Desktop/testlib/xxxxx2/output/result_2.mp4
2025-01-23 18:33:00,385 - /Users/joyy/Desktop/ResTool/tiktok-tools/tiktok_publish_video.py:75 - INFO: 正在上传视频：/Users/joyy/Desktop/testlib/xxxxx2/output/result_2.mp4
2025-01-23 18:33:02,465 - /Users/joyy/Desktop/ResTool/tiktok-tools/tiktok_publish_video.py:75 - INFO: 正在上传视频：/Users/joyy/Desktop/testlib/xxxxx2/output/result_2.mp4
2025-01-23 18:33:02,533 - /Users/joyy/Desktop/ResTool/tiktok-tools/start.py:54 - INFO: 上传视频成功
2025-01-23 18:33:44,861 - /Users/joyy/Desktop/ResTool/tiktok-tools/bit_api.py:21 - INFO: 关闭browser:{'success': True, 'data': '操作成功'}
2025-01-23 18:33:56,105 - /Users/joyy/Desktop/ResTool/tiktok-tools/bit_api.py:14 - INFO: 打开browser:{'success': True, 'data': {'ws': 'ws://127.0.0.1:52431/devtools/browser/b16a237a-c3f7-4f75-88f5-998f614a66ee', 'http': '127.0.0.1:52431', 'coreVersion': '112', 'driver': '/Users/joyy/Library/Application Support/BitBrowser/chromedriver/112-arm/chromedriver', 'seq': 1281, 'name': 'tiktok测试2', 'remark': 'eden_cc0088', 'groupId': '2c9bc058900bfc07019010afee9464f2', 'pid': 59875}}
2025-01-23 18:33:56,106 - /Users/joyy/Desktop/ResTool/tiktok-tools/chrome_utils.py:40 - INFO: /Users/joyy/Library/Application Support/BitBrowser/chromedriver/112-arm/chromedriver
2025-01-23 18:33:56,106 - /Users/joyy/Desktop/ResTool/tiktok-tools/chrome_utils.py:41 - INFO: 127.0.0.1:52431
2025-01-23 18:34:02,447 - /Users/joyy/Desktop/ResTool/tiktok-tools/start.py:45 - INFO: 进入视频发布页面
2025-01-23 18:34:02,448 - /Users/joyy/Desktop/ResTool/tiktok-tools/driver_utils.py:28 - INFO: 打开:https://www.tiktok.com/tiktokstudio/upload?from=upload
2025-01-23 18:34:03,512 - /Users/joyy/Desktop/ResTool/tiktok-tools/driver_utils.py:30 - INFO: 打开成功:https://www.tiktok.com/tiktokstudio/upload?from=upload,TikTok Studio
2025-01-23 18:34:14,623 - /Users/joyy/Desktop/ResTool/tiktok-tools/tiktok_publish_video.py:57 - INFO: 开始上传视频：/Users/joyy/Desktop/testlib/xxxxx2/output/result_3.mp4
2025-01-23 18:34:19,703 - /Users/joyy/Desktop/ResTool/tiktok-tools/tiktok_publish_video.py:75 - INFO: 正在上传视频：/Users/joyy/Desktop/testlib/xxxxx2/output/result_3.mp4
2025-01-23 18:34:21,753 - /Users/joyy/Desktop/ResTool/tiktok-tools/tiktok_publish_video.py:75 - INFO: 正在上传视频：/Users/joyy/Desktop/testlib/xxxxx2/output/result_3.mp4
2025-01-23 18:34:23,803 - /Users/joyy/Desktop/ResTool/tiktok-tools/tiktok_publish_video.py:75 - INFO: 正在上传视频：/Users/joyy/Desktop/testlib/xxxxx2/output/result_3.mp4
2025-01-23 18:34:25,846 - /Users/joyy/Desktop/ResTool/tiktok-tools/tiktok_publish_video.py:75 - INFO: 正在上传视频：/Users/joyy/Desktop/testlib/xxxxx2/output/result_3.mp4
2025-01-23 18:34:27,897 - /Users/joyy/Desktop/ResTool/tiktok-tools/tiktok_publish_video.py:75 - INFO: 正在上传视频：/Users/joyy/Desktop/testlib/xxxxx2/output/result_3.mp4
2025-01-23 18:34:29,927 - /Users/joyy/Desktop/ResTool/tiktok-tools/tiktok_publish_video.py:75 - INFO: 正在上传视频：/Users/joyy/Desktop/testlib/xxxxx2/output/result_3.mp4
2025-01-23 18:34:31,975 - /Users/joyy/Desktop/ResTool/tiktok-tools/tiktok_publish_video.py:75 - INFO: 正在上传视频：/Users/joyy/Desktop/testlib/xxxxx2/output/result_3.mp4
2025-01-23 18:34:34,017 - /Users/joyy/Desktop/ResTool/tiktok-tools/tiktok_publish_video.py:75 - INFO: 正在上传视频：/Users/joyy/Desktop/testlib/xxxxx2/output/result_3.mp4
2025-01-23 18:34:34,074 - /Users/joyy/Desktop/ResTool/tiktok-tools/start.py:54 - INFO: 上传视频成功
2025-01-23 18:35:16,990 - /Users/joyy/Desktop/ResTool/tiktok-tools/bit_api.py:21 - INFO: 关闭browser:{'success': True, 'data': '操作成功'}
2025-01-23 18:46:38,675 - /Users/joyy/Desktop/ResTool/tiktok-tools/bit_api.py:14 - INFO: 打开browser:{'success': True, 'data': {'ws': 'ws://127.0.0.1:57929/devtools/browser/82c6879a-024d-4714-8aa6-2a5fc09a0ab8', 'http': '127.0.0.1:57929', 'coreVersion': '112', 'driver': '/Users/joyy/Library/Application Support/BitBrowser/chromedriver/112-arm/chromedriver', 'seq': 1281, 'name': 'tiktok测试2', 'remark': 'eden_cc0088', 'groupId': '2c9bc058900bfc07019010afee9464f2', 'pid': 60479}}
2025-01-23 18:46:38,677 - /Users/joyy/Desktop/ResTool/tiktok-tools/chrome_utils.py:40 - INFO: /Users/joyy/Library/Application Support/BitBrowser/chromedriver/112-arm/chromedriver
2025-01-23 18:46:38,678 - /Users/joyy/Desktop/ResTool/tiktok-tools/chrome_utils.py:41 - INFO: 127.0.0.1:57929
2025-01-23 18:46:46,519 - /Users/joyy/Desktop/ResTool/tiktok-tools/start.py:45 - INFO: 进入视频发布页面
2025-01-23 18:46:46,520 - /Users/joyy/Desktop/ResTool/tiktok-tools/driver_utils.py:28 - INFO: 打开:https://www.tiktok.com/tiktokstudio/upload?from=upload
2025-01-23 18:46:47,297 - /Users/joyy/Desktop/ResTool/tiktok-tools/driver_utils.py:30 - INFO: 打开成功:https://www.tiktok.com/tiktokstudio/upload?from=upload,TikTok Studio
2025-01-23 18:46:58,596 - /Users/joyy/Desktop/ResTool/tiktok-tools/tiktok_publish_video.py:57 - INFO: 开始上传视频：/Users/joyy/Desktop/testlib/xxxxx2/output/result_1.mp4
2025-01-23 18:47:03,697 - /Users/joyy/Desktop/ResTool/tiktok-tools/tiktok_publish_video.py:75 - INFO: 正在上传视频：/Users/joyy/Desktop/testlib/xxxxx2/output/result_1.mp4
2025-01-23 18:47:05,734 - /Users/joyy/Desktop/ResTool/tiktok-tools/tiktok_publish_video.py:75 - INFO: 正在上传视频：/Users/joyy/Desktop/testlib/xxxxx2/output/result_1.mp4
2025-01-23 18:47:07,784 - /Users/joyy/Desktop/ResTool/tiktok-tools/tiktok_publish_video.py:75 - INFO: 正在上传视频：/Users/joyy/Desktop/testlib/xxxxx2/output/result_1.mp4
2025-01-23 18:47:09,860 - /Users/joyy/Desktop/ResTool/tiktok-tools/tiktok_publish_video.py:75 - INFO: 正在上传视频：/Users/joyy/Desktop/testlib/xxxxx2/output/result_1.mp4
2025-01-23 18:47:11,943 - /Users/joyy/Desktop/ResTool/tiktok-tools/tiktok_publish_video.py:75 - INFO: 正在上传视频：/Users/joyy/Desktop/testlib/xxxxx2/output/result_1.mp4
2025-01-23 18:47:13,993 - /Users/joyy/Desktop/ResTool/tiktok-tools/tiktok_publish_video.py:75 - INFO: 正在上传视频：/Users/joyy/Desktop/testlib/xxxxx2/output/result_1.mp4
2025-01-23 18:47:14,067 - /Users/joyy/Desktop/ResTool/tiktok-tools/start.py:54 - INFO: 上传视频成功
2025-01-23 18:47:55,769 - /Users/joyy/Desktop/ResTool/tiktok-tools/bit_api.py:21 - INFO: 关闭browser:{'success': True, 'data': '操作成功'}
2025-01-23 18:48:06,792 - /Users/joyy/Desktop/ResTool/tiktok-tools/bit_api.py:14 - INFO: 打开browser:{'success': True, 'data': {'ws': 'ws://127.0.0.1:58862/devtools/browser/1bf08e1d-3a21-4d39-82a7-cee237820639', 'http': '127.0.0.1:58862', 'coreVersion': '112', 'driver': '/Users/joyy/Library/Application Support/BitBrowser/chromedriver/112-arm/chromedriver', 'seq': 1281, 'name': 'tiktok测试2', 'remark': 'eden_cc0088', 'groupId': '2c9bc058900bfc07019010afee9464f2', 'pid': 60690}}
2025-01-23 18:48:06,794 - /Users/joyy/Desktop/ResTool/tiktok-tools/chrome_utils.py:40 - INFO: /Users/joyy/Library/Application Support/BitBrowser/chromedriver/112-arm/chromedriver
2025-01-23 18:48:06,794 - /Users/joyy/Desktop/ResTool/tiktok-tools/chrome_utils.py:41 - INFO: 127.0.0.1:58862
2025-01-23 18:48:10,735 - /Users/joyy/Desktop/ResTool/tiktok-tools/start.py:45 - INFO: 进入视频发布页面
2025-01-23 18:48:10,740 - /Users/joyy/Desktop/ResTool/tiktok-tools/driver_utils.py:28 - INFO: 打开:https://www.tiktok.com/tiktokstudio/upload?from=upload
2025-01-23 18:48:11,655 - /Users/joyy/Desktop/ResTool/tiktok-tools/driver_utils.py:30 - INFO: 打开成功:https://www.tiktok.com/tiktokstudio/upload?from=upload,TikTok Studio
2025-01-23 19:59:24,658 - /Users/joyy/Desktop/ResTool/tiktok-tools/chrome_utils.py:66 - ERROR: 启动webdriver失败，重试
2025-01-23 19:59:24,660 - /Users/joyy/Desktop/ResTool/tiktok-tools/chrome_utils.py:67 - ERROR: Message: Service /Users/joyy/Desktop/ResTool/tiktok-tools/chrome_driver/chromedriver unexpectedly exited. Status code was: -9
Traceback (most recent call last):
  File "/Users/joyy/Desktop/ResTool/tiktok-tools/chrome_utils.py", line 62, in get_driver_internal
    driver = uc.Chrome(port=port,driver_executable_path=os.path.join(base_root_path, 'chrome_driver/chromedriver'))
             ^^^^^^^^^^^^^^^^^^^^^^^^^^^^^^^^^^^^^^^^^^^^^^^^^^^^^^^^^^^^^^^^^^^^^^^^^^^^^^^^^^^^^^^^^^^^^^^^^^^^^^
  File "/Users/joyy/Desktop/ResTool/tiktok-tools/und/__init__.py", line 422, in __init__
    super(Chrome, self).__init__(
  File "/Library/Frameworks/Python.framework/Versions/3.11/lib/python3.11/site-packages/selenium/webdriver/chrome/webdriver.py", line 80, in __init__
    super().__init__(
  File "/Library/Frameworks/Python.framework/Versions/3.11/lib/python3.11/site-packages/selenium/webdriver/chromium/webdriver.py", line 101, in __init__
    self.service.start()
  File "/Library/Frameworks/Python.framework/Versions/3.11/lib/python3.11/site-packages/selenium/webdriver/common/service.py", line 104, in start
    self.assert_process_still_running()
  File "/Library/Frameworks/Python.framework/Versions/3.11/lib/python3.11/site-packages/selenium/webdriver/common/service.py", line 117, in assert_process_still_running
    raise WebDriverException(f"Service {self.path} unexpectedly exited. Status code was: {return_code}")
selenium.common.exceptions.WebDriverException: Message: Service /Users/joyy/Desktop/ResTool/tiktok-tools/chrome_driver/chromedriver unexpectedly exited. Status code was: -9

2025-01-23 20:09:38,383 - /Users/joyy/Desktop/ResTool/tiktok-tools/chrome_utils.py:77 - INFO: 尝试在端口 1024 上启动 WebDriver
2025-01-23 20:10:16,854 - /Users/joyy/Desktop/ResTool/tiktok-tools/chrome_utils.py:77 - INFO: 尝试在端口 1024 上启动 WebDriver
2025-01-23 20:11:38,004 - /Users/joyy/Desktop/ResTool/tiktok-tools/chrome_utils.py:77 - INFO: 尝试在端口 1024 上启动 WebDriver
2025-01-23 20:12:03,752 - /Users/joyy/Desktop/ResTool/tiktok-tools/chrome_utils.py:77 - INFO: 尝试在端口 1024 上启动 WebDriver
2025-01-23 20:13:19,258 - /Users/joyy/Desktop/ResTool/tiktok-tools/chrome_utils.py:91 - ERROR: 启动 WebDriver 失败，重试
2025-01-23 20:13:19,261 - /Users/joyy/Desktop/ResTool/tiktok-tools/chrome_utils.py:92 - ERROR: Message: unknown error: cannot connect to chrome at 127.0.0.1:1024
from chrome not reachable
Stacktrace:
0   chromedriver                        0x0000000102caeae8 chromedriver + 4958952
1   chromedriver                        0x0000000102ca67b3 chromedriver + 4925363
2   chromedriver                        0x0000000102868051 chromedriver + 475217
3   chromedriver                        0x000000010285512f chromedriver + 397615
4   chromedriver                        0x0000000102898786 chromedriver + 673670
5   chromedriver                        0x000000010288f928 chromedriver + 637224
6   chromedriver                        0x00000001028db6e9 chromedriver + 947945
7   chromedriver                        0x00000001028daa7f chromedriver + 944767
8   chromedriver                        0x00000001028d19e3 chromedriver + 907747
9   chromedriver                        0x000000010289baef chromedriver + 686831
10  chromedriver                        0x000000010289d00e chromedriver + 692238
11  chromedriver                        0x0000000102c6a9ad chromedriver + 4680109
12  chromedriver                        0x0000000102c6fc12 chromedriver + 4701202
13  chromedriver                        0x0000000102c7679f chromedriver + 4728735
14  chromedriver                        0x0000000102c70b7a chromedriver + 4705146
15  chromedriver                        0x0000000102c4327e chromedriver + 4518526
16  chromedriver                        0x0000000102c90908 chromedriver + 4835592
17  chromedriver                        0x0000000102c90a87 chromedriver + 4835975
18  chromedriver                        0x0000000102ca000f chromedriver + 4898831
19  libsystem_pthread.dylib             0x00007ff813f3c253 _pthread_start + 99
20  libsystem_pthread.dylib             0x00007ff813f37bef thread_start + 15
Traceback (most recent call last):
  File "/Users/joyy/Desktop/ResTool/tiktok-tools/chrome_utils.py", line 82, in test_driver_internal
    test_driver = uc.Chrome(port=port, driver_executable_path=driver_executable_path)
                  ^^^^^^^^^^^^^^^^^^^^^^^^^^^^^^^^^^^^^^^^^^^^^^^^^^^^^^^^^^^^^^^^^^^
  File "/Users/joyy/Desktop/ResTool/tiktok-tools/und/__init__.py", line 422, in __init__
    super(Chrome, self).__init__(
  File "/Library/Frameworks/Python.framework/Versions/3.11/lib/python3.11/site-packages/selenium/webdriver/chrome/webdriver.py", line 80, in __init__
    super().__init__(
  File "/Library/Frameworks/Python.framework/Versions/3.11/lib/python3.11/site-packages/selenium/webdriver/chromium/webdriver.py", line 104, in __init__
    super().__init__(
  File "/Library/Frameworks/Python.framework/Versions/3.11/lib/python3.11/site-packages/selenium/webdriver/remote/webdriver.py", line 286, in __init__
    self.start_session(capabilities, browser_profile)
  File "/Users/joyy/Desktop/ResTool/tiktok-tools/und/__init__.py", line 682, in start_session
    super(selenium.webdriver.chrome.webdriver.WebDriver, self).start_session(
  File "/Library/Frameworks/Python.framework/Versions/3.11/lib/python3.11/site-packages/selenium/webdriver/remote/webdriver.py", line 378, in start_session
    response = self.execute(Command.NEW_SESSION, parameters)
               ^^^^^^^^^^^^^^^^^^^^^^^^^^^^^^^^^^^^^^^^^^^^^
  File "/Library/Frameworks/Python.framework/Versions/3.11/lib/python3.11/site-packages/selenium/webdriver/remote/webdriver.py", line 440, in execute
    self.error_handler.check_response(response)
  File "/Library/Frameworks/Python.framework/Versions/3.11/lib/python3.11/site-packages/selenium/webdriver/remote/errorhandler.py", line 245, in check_response
    raise exception_class(message, screen, stacktrace)
selenium.common.exceptions.WebDriverException: Message: unknown error: cannot connect to chrome at 127.0.0.1:1024
from chrome not reachable
Stacktrace:
0   chromedriver                        0x0000000102caeae8 chromedriver + 4958952
1   chromedriver                        0x0000000102ca67b3 chromedriver + 4925363
2   chromedriver                        0x0000000102868051 chromedriver + 475217
3   chromedriver                        0x000000010285512f chromedriver + 397615
4   chromedriver                        0x0000000102898786 chromedriver + 673670
5   chromedriver                        0x000000010288f928 chromedriver + 637224
6   chromedriver                        0x00000001028db6e9 chromedriver + 947945
7   chromedriver                        0x00000001028daa7f chromedriver + 944767
8   chromedriver                        0x00000001028d19e3 chromedriver + 907747
9   chromedriver                        0x000000010289baef chromedriver + 686831
10  chromedriver                        0x000000010289d00e chromedriver + 692238
11  chromedriver                        0x0000000102c6a9ad chromedriver + 4680109
12  chromedriver                        0x0000000102c6fc12 chromedriver + 4701202
13  chromedriver                        0x0000000102c7679f chromedriver + 4728735
14  chromedriver                        0x0000000102c70b7a chromedriver + 4705146
15  chromedriver                        0x0000000102c4327e chromedriver + 4518526
16  chromedriver                        0x0000000102c90908 chromedriver + 4835592
17  chromedriver                        0x0000000102c90a87 chromedriver + 4835975
18  chromedriver                        0x0000000102ca000f chromedriver + 4898831
19  libsystem_pthread.dylib             0x00007ff813f3c253 _pthread_start + 99
20  libsystem_pthread.dylib             0x00007ff813f37bef thread_start + 15

